<?xml version="1.0" encoding="UTF-8"?>
<testng-results skipped="0" failed="0" total="11" passed="11">
  <reporter-output>
    <line>
      <![CDATA[ ]]>
    </line>
    <line>
      <![CDATA[/************************ Creating Random Member for Sanity Test ********************************/]]>
    </line>
    <line>
      <![CDATA[ ]]>
    </line>
    <line>
      <![CDATA[Random Member Created with below information =>]]>
    </line>
    <line>
      <![CDATA[ ]]>
    </line>
    <line>
      <![CDATA[Member Name : test_20140729_122522]]>
    </line>
    <line>
      <![CDATA[Password : 20140729_122522]]>
    </line>
    <line>
      <![CDATA[Email-Id : test20140729_122522@gmail.com]]>
    </line>
    <line>
      <![CDATA[Setting Environment to: QA]]>
    </line>
    <line>
      <![CDATA[Proxy is enabled, hence all API requests will go via configured Proxy]]>
    </line>
    <line>
      <![CDATA[ ]]>
    </line>
    <line>
      <![CDATA[/************************************************************************ MEMBER.PUT ************************************************************************/]]>
    </line>
    <line>
      <![CDATA[ ]]>
    </line>
    <line>
      <![CDATA[~~~~~~~~~~~~~~~~~~~~~~~~~~~~~~~~~~~~~~~~~~~~~~~~~~~~~~~~~~~~~~~~~ MEMBER.PUT ~~~~~~~~~~~~~~~~~~~~~~~~~~~~~~~~~~~~~~~~~~~~~~~~~~~~~~~~~~~~~~~~~]]>
    </line>
    <line>
      <![CDATA[Validating API call Response]]>
    </line>
    <line>
      <![CDATA[]]>
    </line>
    <line>
      <![CDATA[API - postRestRequest :: Data will be submitted as <POST>

: {"username":"test_20140729_122522","password":"20140729_122522","email":"test20140729_122522@gmail.com"}]]>
    </line>
    <line>
      <![CDATA[ ]]>
    </line>
    <line>
      <![CDATA[API Request URL:  https://qa.idxapi.nbcuni.com/member/put?API_KEY=65432165432165432165432165432165&BRAND_ID=5876e8579c2f422e99b56d8d0567d346]]>
    </line>
    <line>
      <![CDATA[ ]]>
    </line>
    <line>
      <![CDATA[API - postRestRequest :: Response from Server after <POST>

{"_updated":"2014-07-29T16:25:26.932000","username":"test_20140729_122522","status":"active","_created":"2014-07-29T16:25:26.351000","_id":"9132fcc47d5748e4949c5730a8b7cc60","email":[{"verified":false,"primary":true,"address":"test20140729_122522@gmail.com"}]}]]>
    </line>
    <line>
      <![CDATA[membername fetched from API Response ="test_20140729_122522"]]>
    </line>
    <line>
      <![CDATA[email -> address fetched from API Response ="test20140729_122522@gmail.com"]]>
    </line>
    <line>
      <![CDATA[ ]]>
    </line>
    <line>
      <![CDATA[Passed : API Response contains Member = test_20140729_122522 with Email-Id = test20140729_122522@gmail.com]]>
    </line>
    <line>
      <![CDATA[ ]]>
    </line>
    <line>
      <![CDATA[Setting Environment to: QA]]>
    </line>
    <line>
      <![CDATA[Validating Member present in MongoDB]]>
    </line>
    <line>
      <![CDATA[ ]]>
    </line>
    <line>
      <![CDATA[MongoDB Query :  { "metadata.username.value" : "test_20140729_122522"}]]>
    </line>
    <line>
      <![CDATA[Got the MongoDB Response : { "_id" : "9132fcc47d5748e4949c5730a8b7cc60" , "metadata" : { "username" : [ { "value" : "test_20140729_122522"}] , "email" : [ { "value" : [ { "address" : "test20140729_122522@gmail.com"}]}]}}]]>
    </line>
    <line>
      <![CDATA[ ]]>
    </line>
    <line>
      <![CDATA[Passed : Member = test_20140729_122522 present in Mongo Database with Email-Id = test20140729_122522@gmail.com and UUID = 9132fcc47d5748e4949c5730a8b7cc60]]>
    </line>
    <line>
      <![CDATA[ ]]>
    </line>
    <line>
      <![CDATA[Setting Environment to: QA]]>
    </line>
    <line>
      <![CDATA[Proxy is enabled, hence all API requests will go via configured Proxy]]>
    </line>
    <line>
      <![CDATA[ ]]>
    </line>
    <line>
      <![CDATA[/************************************************************************ MEMBER.GET ************************************************************************/]]>
    </line>
    <line>
      <![CDATA[ ]]>
    </line>
    <line>
      <![CDATA[API Request URL:  https://qa.idxapi.nbcuni.com/member/get?API_KEY=65432165432165432165432165432165&BRAND_ID=5876e8579c2f422e99b56d8d0567d346&id=test_20140729_122522]]>
    </line>
    <line>
      <![CDATA[ ]]>
    </line>
    <line>
      <![CDATA[ ]]>
    </line>
    <line>
      <![CDATA[API Request URL:  https://qa.idxapi.nbcuni.com/member/get?API_KEY=65432165432165432165432165432165&BRAND_ID=5876e8579c2f422e99b56d8d0567d346&id=test_20140729_122522]]>
    </line>
    <line>
      <![CDATA[ ]]>
    </line>
    <line>
      <![CDATA[API - getHTTPResponseCode :: HTTP Response Code from URL(https://qa.idxapi.nbcuni.com/member/get?API_KEY=65432165432165432165432165432165&BRAND_ID=5876e8579c2f422e99b56d8d0567d346&id=test_20140729_122522): 200]]>
    </line>
    <line>
      <![CDATA[ ]]>
    </line>
    <line>
      <![CDATA[API Request URL:  https://qa.idxapi.nbcuni.com/member/get?API_KEY=65432165432165432165432165432165&BRAND_ID=5876e8579c2f422e99b56d8d0567d346&id=test_20140729_122522]]>
    </line>
    <line>
      <![CDATA[ ]]>
    </line>
    <line>
      <![CDATA[ ]]>
    </line>
    <line>
      <![CDATA[Passed : Response code from member.get : 200]]>
    </line>
    <line>
      <![CDATA[ ]]>
    </line>
    <line>
      <![CDATA[Validating member.get API Response]]>
    </line>
    <line>
      <![CDATA[ ]]>
    </line>
    <line>
      <![CDATA[API Call Response : {"_updated":"2014-07-29T16:25:26.932000","username":"test_20140729_122522","status":"active","_created":"2014-07-29T16:25:26.351000","_id":"9132fcc47d5748e4949c5730a8b7cc60","email":[{"verified":false,"primary":true,"address":"test20140729_122522@gmail.com"}]}]]>
    </line>
    <line>
      <![CDATA[ ]]>
    </line>
    <line>
      <![CDATA[Passed : member.get API Response contains Member = test_20140729_122522 with Email-Id = test20140729_122522@gmail.com]]>
    </line>
    <line>
      <![CDATA[ ]]>
    </line>
    <line>
      <![CDATA[Setting Environment to: QA]]>
    </line>
    <line>
      <![CDATA[Validating member.get API response against MongoDB]]>
    </line>
    <line>
      <![CDATA[ ]]>
    </line>
    <line>
      <![CDATA[MongoDB Query :  { "metadata.username.value" : "test_20140729_122522"}]]>
    </line>
    <line>
      <![CDATA[Got the MongoDB Response : { "_id" : "9132fcc47d5748e4949c5730a8b7cc60" , "metadata" : { "username" : [ { "value" : "test_20140729_122522"}] , "email" : [ { "value" : [ { "address" : "test20140729_122522@gmail.com"}]}]}}]]>
    </line>
    <line>
      <![CDATA[ ]]>
    </line>
    <line>
      <![CDATA[Passed : Member = test_20140729_122522 present in Mongo Database with Email-Id = test20140729_122522@gmail.com and UUID = 9132fcc47d5748e4949c5730a8b7cc60]]>
    </line>
    <line>
      <![CDATA[ ]]>
    </line>
    <line>
      <![CDATA[Setting Environment to: QA]]>
    </line>
    <line>
      <![CDATA[Proxy is enabled, hence all API requests will go via configured Proxy]]>
    </line>
    <line>
      <![CDATA[ ]]>
    </line>
    <line>
      <![CDATA[/************************************************************************ MEMBER.LOGIN ************************************************************************/]]>
    </line>
    <line>
      <![CDATA[ ]]>
    </line>
    <line>
      <![CDATA[JSON Body for member.login : id=test_20140729_122522&password=20140729_122522]]>
    </line>
    <line>
      <![CDATA[API - postRestRequest :: Data will be submitted as <POST>

: id=test_20140729_122522&password=20140729_122522]]>
    </line>
    <line>
      <![CDATA[ ]]>
    </line>
    <line>
      <![CDATA[API Request URL:  https://qa.idxapi.nbcuni.com/member/login?API_KEY=65432165432165432165432165432165&BRAND_ID=5876e8579c2f422e99b56d8d0567d346]]>
    </line>
    <line>
      <![CDATA[ ]]>
    </line>
    <line>
      <![CDATA[API - postRestRequest :: Response from Server after <POST>

{"_updated":"2014-07-29T16:25:36.205000","username":"test_20140729_122522","_logged_in":true,"_last_login":"2014-07-29T16:25:36.150000","status":"active","_created":"2014-07-29T16:25:26.351000","_id":"9132fcc47d5748e4949c5730a8b7cc60","email":[{"verified":false,"primary":true,"address":"test20140729_122522@gmail.com"}]}]]>
    </line>
    <line>
      <![CDATA[ ]]>
    </line>
    <line>
      <![CDATA[API Call Response : {"_updated":"2014-07-29T16:25:36.205000","username":"test_20140729_122522","_logged_in":true,"_last_login":"2014-07-29T16:25:36.150000","status":"active","_created":"2014-07-29T16:25:26.351000","_id":"9132fcc47d5748e4949c5730a8b7cc60","email":[{"verified":false,"primary":true,"address":"test20140729_122522@gmail.com"}]}]]>
    </line>
    <line>
      <![CDATA[ ]]>
    </line>
    <line>
      <![CDATA[login_status fetched from API Response =true]]>
    </line>
    <line>
      <![CDATA[ ]]>
    </line>
    <line>
      <![CDATA[Passed : _logged_in status in API Response for Member test_20140729_122522 is true]]>
    </line>
    <line>
      <![CDATA[ ]]>
    </line>
    <line>
      <![CDATA[Setting Environment to: QA]]>
    </line>
    <line>
      <![CDATA[Validating logged_in status for Member test_20140729_122522 in MongoDB]]>
    </line>
    <line>
      <![CDATA[ ]]>
    </line>
    <line>
      <![CDATA[MongoDB Query :  { "metadata.username.value" : "test_20140729_122522"}]]>
    </line>
    <line>
      <![CDATA[Got the MongoDB Response : { "_id" : "9132fcc47d5748e4949c5730a8b7cc60" , "metadata" : { "username" : [ { "value" : "test_20140729_122522"}] , "_logged_in" : [ { "value" : true}] , "email" : [ { "value" : [ { "address" : "test20140729_122522@gmail.com"}]}]}}]]>
    </line>
    <line>
      <![CDATA[ ]]>
    </line>
    <line>
      <![CDATA[Passed : _logged_in status for Member test_20140729_122522 is true in MongoDB Database]]>
    </line>
    <line>
      <![CDATA[Setting Environment to: QA]]>
    </line>
    <line>
      <![CDATA[Proxy is enabled, hence all API requests will go via configured Proxy]]>
    </line>
    <line>
      <![CDATA[ ]]>
    </line>
    <line>
      <![CDATA[/************************************************************************ MEMBER.LOGOUT ************************************************************************/]]>
    </line>
    <line>
      <![CDATA[ ]]>
    </line>
    <line>
      <![CDATA[JSON Body for member.logout : id=test_20140729_122522]]>
    </line>
    <line>
      <![CDATA[API - postRestRequest :: Data will be submitted as <POST>

: id=test_20140729_122522]]>
    </line>
    <line>
      <![CDATA[ ]]>
    </line>
    <line>
      <![CDATA[API Request URL:  https://qa.idxapi.nbcuni.com/member/logout?API_KEY=65432165432165432165432165432165&BRAND_ID=5876e8579c2f422e99b56d8d0567d346]]>
    </line>
    <line>
      <![CDATA[ ]]>
    </line>
    <line>
      <![CDATA[API - postRestRequest :: Response from Server after <POST>

{"_updated":"2014-07-29T16:25:40.383000","username":"test_20140729_122522","_logged_in":false,"_last_login":"2014-07-29T16:25:36.150000","status":"active","_created":"2014-07-29T16:25:26.351000","_id":"9132fcc47d5748e4949c5730a8b7cc60","email":[{"verified":false,"primary":true,"address":"test20140729_122522@gmail.com"}]}]]>
    </line>
    <line>
      <![CDATA[ ]]>
    </line>
    <line>
      <![CDATA[API Call Response : {"_updated":"2014-07-29T16:25:40.383000","username":"test_20140729_122522","_logged_in":false,"_last_login":"2014-07-29T16:25:36.150000","status":"active","_created":"2014-07-29T16:25:26.351000","_id":"9132fcc47d5748e4949c5730a8b7cc60","email":[{"verified":false,"primary":true,"address":"test20140729_122522@gmail.com"}]}]]>
    </line>
    <line>
      <![CDATA[ ]]>
    </line>
    <line>
      <![CDATA[login_status fetched from API Response =false]]>
    </line>
    <line>
      <![CDATA[ ]]>
    </line>
    <line>
      <![CDATA[Passed : _logged_in status in API Response for Member test_20140729_122522 is false]]>
    </line>
    <line>
      <![CDATA[ ]]>
    </line>
    <line>
      <![CDATA[Setting Environment to: QA]]>
    </line>
    <line>
      <![CDATA[Validating logged_in status for Member test_20140729_122522 in MongoDB]]>
    </line>
    <line>
      <![CDATA[ ]]>
    </line>
    <line>
      <![CDATA[MongoDB Query :  { "metadata.username.value" : "test_20140729_122522"}]]>
    </line>
    <line>
      <![CDATA[Got the MongoDB Response : { "_id" : "9132fcc47d5748e4949c5730a8b7cc60" , "metadata" : { "username" : [ { "value" : "test_20140729_122522"}] , "_logged_in" : [ { "value" : false}] , "email" : [ { "value" : [ { "address" : "test20140729_122522@gmail.com"}]}]}}]]>
    </line>
    <line>
      <![CDATA[ ]]>
    </line>
    <line>
      <![CDATA[Passed : _logged_in status for Member test_20140729_122522 is false in MongoDB Database]]>
    </line>
    <line>
      <![CDATA[Setting Environment to: QA]]>
    </line>
    <line>
      <![CDATA[Proxy is enabled, hence all API requests will go via configured Proxy]]>
    </line>
    <line>
      <![CDATA[ ]]>
    </line>
    <line>
      <![CDATA[/************************************************************************ MEMBER.REMOVE ************************************************************************/]]>
    </line>
    <line>
      <![CDATA[ ]]>
    </line>
    <line>
      <![CDATA[JSON Body for member.remove : id=test_20140729_122522]]>
    </line>
    <line>
      <![CDATA[ ]]>
    </line>
    <line>
      <![CDATA[API Request URL:  https://qa.idxapi.nbcuni.com/member/remove?API_KEY=65432165432165432165432165432165&BRAND_ID=5876e8579c2f422e99b56d8d0567d346]]>
    </line>
    <line>
      <![CDATA[ ]]>
    </line>
    <line>
      <![CDATA[HTTP RESPONSE: 204]]>
    </line>
    <line>
      <![CDATA[Validating member.remove Response Code]]>
    </line>
    <line>
      <![CDATA[ ]]>
    </line>
    <line>
      <![CDATA[Response code from member.remove : 204]]>
    </line>
    <line>
      <![CDATA[ ]]>
    </line>
    <line>
      <![CDATA[Passed : member.remove has successfully deleted the Member : test_20140729_122522]]>
    </line>
    <line>
      <![CDATA[ ]]>
    </line>
    <line>
      <![CDATA[Setting Environment to: QA]]>
    </line>
    <line>
      <![CDATA[Validating Member present in MongoDB]]>
    </line>
    <line>
      <![CDATA[ ]]>
    </line>
    <line>
      <![CDATA[MongoDB Query :  { "metadata.username.value" : "test_20140729_122522"}]]>
    </line>
    <line>
      <![CDATA[MongoDB Cursor is empty. No Data found from Database]]>
    </line>
    <line>
      <![CDATA[No Data found for Member test_20140729_122522 from Database]]>
    </line>
    <line>
      <![CDATA[ ]]>
    </line>
    <line>
      <![CDATA[Passed : Member test_20140729_122522 successfully deleted from MongoDB]]>
    </line>
    <line>
      <![CDATA[ ]]>
    </line>
  </reporter-output>
  <suite name="Test Suite for NBCIdx" duration-ms="21953" started-at="2014-07-29T16:25:22Z" finished-at="2014-07-29T16:25:44Z">
    <groups>
      <group name="API">
        <method signature="SC01_Create_RandomMemberInfo.createRandomMember()[pri:0, instance:com.nbcuni.test.nbcidx.sanity.SC01_Create_RandomMemberInfo@15a8767]" name="createRandomMember" class="com.nbcuni.test.nbcidx.sanity.SC01_Create_RandomMemberInfo"/>
        <method signature="SC02_TC01_MemberPut_API_Verification.memberPut_verifyAPI()[pri:0, instance:com.nbcuni.test.nbcidx.sanity.SC02_TC01_MemberPut_API_Verification@1c6f579]" name="memberPut_verifyAPI" class="com.nbcuni.test.nbcidx.sanity.SC02_TC01_MemberPut_API_Verification"/>
        <method signature="SC03_TC01_MemberGet_API_Verification.memberGet_verifyAPI()[pri:0, instance:com.nbcuni.test.nbcidx.sanity.SC03_TC01_MemberGet_API_Verification@edc3a2]" name="memberGet_verifyAPI" class="com.nbcuni.test.nbcidx.sanity.SC03_TC01_MemberGet_API_Verification"/>
        <method signature="SC04_TC01_MemberLogin_API_Verification.memberLogin_verifyAPI()[pri:0, instance:com.nbcuni.test.nbcidx.sanity.SC04_TC01_MemberLogin_API_Verification@b988a6]" name="memberLogin_verifyAPI" class="com.nbcuni.test.nbcidx.sanity.SC04_TC01_MemberLogin_API_Verification"/>
        <method signature="SC05_TC01_MemberLogout_API_Verification.memberLogout_verifyAPI()[pri:0, instance:com.nbcuni.test.nbcidx.sanity.SC05_TC01_MemberLogout_API_Verification@ba6c83]" name="memberLogout_verifyAPI" class="com.nbcuni.test.nbcidx.sanity.SC05_TC01_MemberLogout_API_Verification"/>
        <method signature="SC06_TC01_MemberRemove_API_Verification.memberRemove_verifyAPI()[pri:0, instance:com.nbcuni.test.nbcidx.sanity.SC06_TC01_MemberRemove_API_Verification@8f4fb3]" name="memberRemove_verifyAPI" class="com.nbcuni.test.nbcidx.sanity.SC06_TC01_MemberRemove_API_Verification"/>
      </group> <!-- API -->
      <group name="DB">
        <method signature="SC02_TC02_MemberPut_DB_Verification.memberPut_verifyDB()[pri:0, instance:com.nbcuni.test.nbcidx.sanity.SC02_TC02_MemberPut_DB_Verification@1cdeff]" name="memberPut_verifyDB" class="com.nbcuni.test.nbcidx.sanity.SC02_TC02_MemberPut_DB_Verification"/>
        <method signature="SC03_TC02_MemberGet_DB_Verification.memberGet_verifyDB()[pri:0, instance:com.nbcuni.test.nbcidx.sanity.SC03_TC02_MemberGet_DB_Verification@cec0c5]" name="memberGet_verifyDB" class="com.nbcuni.test.nbcidx.sanity.SC03_TC02_MemberGet_DB_Verification"/>
        <method signature="SC04_TC02_MemberLogin_DB_Verification.memberLogin_verifyDB()[pri:0, instance:com.nbcuni.test.nbcidx.sanity.SC04_TC02_MemberLogin_DB_Verification@3901c6]" name="memberLogin_verifyDB" class="com.nbcuni.test.nbcidx.sanity.SC04_TC02_MemberLogin_DB_Verification"/>
        <method signature="SC05_TC02_MemberLogout_DB_Verification.memberLogout_verifyDB()[pri:0, instance:com.nbcuni.test.nbcidx.sanity.SC05_TC02_MemberLogout_DB_Verification@1d63e39]" name="memberLogout_verifyDB" class="com.nbcuni.test.nbcidx.sanity.SC05_TC02_MemberLogout_DB_Verification"/>
        <method signature="SC06_TC02_MemberRemove_DB_Verification.memberRemove_verifyDB()[pri:0, instance:com.nbcuni.test.nbcidx.sanity.SC06_TC02_MemberRemove_DB_Verification@228a02]" name="memberRemove_verifyDB" class="com.nbcuni.test.nbcidx.sanity.SC06_TC02_MemberRemove_DB_Verification"/>
      </group> <!-- DB -->
      <group name="sanity">
        <method signature="SC01_Create_RandomMemberInfo.createRandomMember()[pri:0, instance:com.nbcuni.test.nbcidx.sanity.SC01_Create_RandomMemberInfo@15a8767]" name="createRandomMember" class="com.nbcuni.test.nbcidx.sanity.SC01_Create_RandomMemberInfo"/>
        <method signature="SC02_TC01_MemberPut_API_Verification.memberPut_verifyAPI()[pri:0, instance:com.nbcuni.test.nbcidx.sanity.SC02_TC01_MemberPut_API_Verification@1c6f579]" name="memberPut_verifyAPI" class="com.nbcuni.test.nbcidx.sanity.SC02_TC01_MemberPut_API_Verification"/>
        <method signature="SC02_TC02_MemberPut_DB_Verification.memberPut_verifyDB()[pri:0, instance:com.nbcuni.test.nbcidx.sanity.SC02_TC02_MemberPut_DB_Verification@1cdeff]" name="memberPut_verifyDB" class="com.nbcuni.test.nbcidx.sanity.SC02_TC02_MemberPut_DB_Verification"/>
        <method signature="SC03_TC01_MemberGet_API_Verification.memberGet_verifyAPI()[pri:0, instance:com.nbcuni.test.nbcidx.sanity.SC03_TC01_MemberGet_API_Verification@edc3a2]" name="memberGet_verifyAPI" class="com.nbcuni.test.nbcidx.sanity.SC03_TC01_MemberGet_API_Verification"/>
        <method signature="SC03_TC02_MemberGet_DB_Verification.memberGet_verifyDB()[pri:0, instance:com.nbcuni.test.nbcidx.sanity.SC03_TC02_MemberGet_DB_Verification@cec0c5]" name="memberGet_verifyDB" class="com.nbcuni.test.nbcidx.sanity.SC03_TC02_MemberGet_DB_Verification"/>
        <method signature="SC04_TC01_MemberLogin_API_Verification.memberLogin_verifyAPI()[pri:0, instance:com.nbcuni.test.nbcidx.sanity.SC04_TC01_MemberLogin_API_Verification@b988a6]" name="memberLogin_verifyAPI" class="com.nbcuni.test.nbcidx.sanity.SC04_TC01_MemberLogin_API_Verification"/>
        <method signature="SC04_TC02_MemberLogin_DB_Verification.memberLogin_verifyDB()[pri:0, instance:com.nbcuni.test.nbcidx.sanity.SC04_TC02_MemberLogin_DB_Verification@3901c6]" name="memberLogin_verifyDB" class="com.nbcuni.test.nbcidx.sanity.SC04_TC02_MemberLogin_DB_Verification"/>
        <method signature="SC05_TC01_MemberLogout_API_Verification.memberLogout_verifyAPI()[pri:0, instance:com.nbcuni.test.nbcidx.sanity.SC05_TC01_MemberLogout_API_Verification@ba6c83]" name="memberLogout_verifyAPI" class="com.nbcuni.test.nbcidx.sanity.SC05_TC01_MemberLogout_API_Verification"/>
        <method signature="SC05_TC02_MemberLogout_DB_Verification.memberLogout_verifyDB()[pri:0, instance:com.nbcuni.test.nbcidx.sanity.SC05_TC02_MemberLogout_DB_Verification@1d63e39]" name="memberLogout_verifyDB" class="com.nbcuni.test.nbcidx.sanity.SC05_TC02_MemberLogout_DB_Verification"/>
        <method signature="SC06_TC01_MemberRemove_API_Verification.memberRemove_verifyAPI()[pri:0, instance:com.nbcuni.test.nbcidx.sanity.SC06_TC01_MemberRemove_API_Verification@8f4fb3]" name="memberRemove_verifyAPI" class="com.nbcuni.test.nbcidx.sanity.SC06_TC01_MemberRemove_API_Verification"/>
        <method signature="SC06_TC02_MemberRemove_DB_Verification.memberRemove_verifyDB()[pri:0, instance:com.nbcuni.test.nbcidx.sanity.SC06_TC02_MemberRemove_DB_Verification@228a02]" name="memberRemove_verifyDB" class="com.nbcuni.test.nbcidx.sanity.SC06_TC02_MemberRemove_DB_Verification"/>
      </group> <!-- sanity -->
    </groups>
    <test name="Tests" duration-ms="21953" started-at="2014-07-29T16:25:22Z" finished-at="2014-07-29T16:25:44Z">
      <class name="com.nbcuni.test.nbcidx.sanity.SC03_TC01_MemberGet_API_Verification">
        <test-method status="PASS" signature="startEnvironment(java.lang.String)[pri:0, instance:com.nbcuni.test.nbcidx.sanity.SC03_TC01_MemberGet_API_Verification@edc3a2]" name="startEnvironment" is-config="true" duration-ms="0" started-at="2014-07-29T12:25:29Z" finished-at="2014-07-29T12:25:29Z">
          <params>
            <param index="0">
              <value>
                <![CDATA[QA]]>
              </value>
            </param>
          </params>
          <reporter-output>
            <line>
              <![CDATA[Setting Environment to: QA]]>
            </line>
            <line>
              <![CDATA[Proxy is enabled, hence all API requests will go via configured Proxy]]>
            </line>
          </reporter-output>
        </test-method> <!-- startEnvironment -->
        <test-method status="PASS" signature="memberGet_verifyAPI()[pri:0, instance:com.nbcuni.test.nbcidx.sanity.SC03_TC01_MemberGet_API_Verification@edc3a2]" name="memberGet_verifyAPI" duration-ms="3239" started-at="2014-07-29T12:25:29Z" finished-at="2014-07-29T12:25:32Z">
          <reporter-output>
            <line>
              <![CDATA[ ]]>
            </line>
            <line>
              <![CDATA[/************************************************************************ MEMBER.GET ************************************************************************/]]>
            </line>
            <line>
              <![CDATA[ ]]>
            </line>
            <line>
              <![CDATA[API Request URL:  https://qa.idxapi.nbcuni.com/member/get?API_KEY=65432165432165432165432165432165&BRAND_ID=5876e8579c2f422e99b56d8d0567d346&id=test_20140729_122522]]>
            </line>
            <line>
              <![CDATA[ ]]>
            </line>
            <line>
              <![CDATA[ ]]>
            </line>
            <line>
              <![CDATA[API Request URL:  https://qa.idxapi.nbcuni.com/member/get?API_KEY=65432165432165432165432165432165&BRAND_ID=5876e8579c2f422e99b56d8d0567d346&id=test_20140729_122522]]>
            </line>
            <line>
              <![CDATA[ ]]>
            </line>
            <line>
              <![CDATA[API - getHTTPResponseCode :: HTTP Response Code from URL(https://qa.idxapi.nbcuni.com/member/get?API_KEY=65432165432165432165432165432165&BRAND_ID=5876e8579c2f422e99b56d8d0567d346&id=test_20140729_122522): 200]]>
            </line>
            <line>
              <![CDATA[ ]]>
            </line>
            <line>
              <![CDATA[API Request URL:  https://qa.idxapi.nbcuni.com/member/get?API_KEY=65432165432165432165432165432165&BRAND_ID=5876e8579c2f422e99b56d8d0567d346&id=test_20140729_122522]]>
            </line>
            <line>
              <![CDATA[ ]]>
            </line>
            <line>
              <![CDATA[ ]]>
            </line>
            <line>
              <![CDATA[Passed : Response code from member.get : 200]]>
            </line>
            <line>
              <![CDATA[ ]]>
            </line>
            <line>
              <![CDATA[Validating member.get API Response]]>
            </line>
            <line>
              <![CDATA[ ]]>
            </line>
            <line>
              <![CDATA[API Call Response : {"_updated":"2014-07-29T16:25:26.932000","username":"test_20140729_122522","status":"active","_created":"2014-07-29T16:25:26.351000","_id":"9132fcc47d5748e4949c5730a8b7cc60","email":[{"verified":false,"primary":true,"address":"test20140729_122522@gmail.com"}]}]]>
            </line>
            <line>
              <![CDATA[ ]]>
            </line>
            <line>
              <![CDATA[Passed : member.get API Response contains Member = test_20140729_122522 with Email-Id = test20140729_122522@gmail.com]]>
            </line>
            <line>
              <![CDATA[ ]]>
            </line>
          </reporter-output>
        </test-method> <!-- memberGet_verifyAPI -->
      </class> <!-- com.nbcuni.test.nbcidx.sanity.SC03_TC01_MemberGet_API_Verification -->
      <class name="com.nbcuni.test.nbcidx.sanity.SC06_TC01_MemberRemove_API_Verification">
        <test-method status="PASS" signature="startEnvironment(java.lang.String)[pri:0, instance:com.nbcuni.test.nbcidx.sanity.SC06_TC01_MemberRemove_API_Verification@8f4fb3]" name="startEnvironment" is-config="true" duration-ms="0" started-at="2014-07-29T12:25:41Z" finished-at="2014-07-29T12:25:41Z">
          <params>
            <param index="0">
              <value>
                <![CDATA[QA]]>
              </value>
            </param>
          </params>
          <reporter-output>
            <line>
              <![CDATA[Setting Environment to: QA]]>
            </line>
            <line>
              <![CDATA[Proxy is enabled, hence all API requests will go via configured Proxy]]>
            </line>
          </reporter-output>
        </test-method> <!-- startEnvironment -->
        <test-method status="PASS" signature="memberRemove_verifyAPI()[pri:0, instance:com.nbcuni.test.nbcidx.sanity.SC06_TC01_MemberRemove_API_Verification@8f4fb3]" name="memberRemove_verifyAPI" duration-ms="2094" started-at="2014-07-29T12:25:41Z" finished-at="2014-07-29T12:25:43Z">
          <reporter-output>
            <line>
              <![CDATA[ ]]>
            </line>
            <line>
              <![CDATA[/************************************************************************ MEMBER.REMOVE ************************************************************************/]]>
            </line>
            <line>
              <![CDATA[ ]]>
            </line>
            <line>
              <![CDATA[JSON Body for member.remove : id=test_20140729_122522]]>
            </line>
            <line>
              <![CDATA[ ]]>
            </line>
            <line>
              <![CDATA[API Request URL:  https://qa.idxapi.nbcuni.com/member/remove?API_KEY=65432165432165432165432165432165&BRAND_ID=5876e8579c2f422e99b56d8d0567d346]]>
            </line>
            <line>
              <![CDATA[ ]]>
            </line>
            <line>
              <![CDATA[HTTP RESPONSE: 204]]>
            </line>
            <line>
              <![CDATA[Validating member.remove Response Code]]>
            </line>
            <line>
              <![CDATA[ ]]>
            </line>
            <line>
              <![CDATA[Response code from member.remove : 204]]>
            </line>
            <line>
              <![CDATA[ ]]>
            </line>
            <line>
              <![CDATA[Passed : member.remove has successfully deleted the Member : test_20140729_122522]]>
            </line>
            <line>
              <![CDATA[ ]]>
            </line>
          </reporter-output>
        </test-method> <!-- memberRemove_verifyAPI -->
      </class> <!-- com.nbcuni.test.nbcidx.sanity.SC06_TC01_MemberRemove_API_Verification -->
      <class name="com.nbcuni.test.nbcidx.sanity.SC06_TC02_MemberRemove_DB_Verification">
        <test-method status="PASS" signature="startEnvironment(java.lang.String)[pri:0, instance:com.nbcuni.test.nbcidx.sanity.SC06_TC02_MemberRemove_DB_Verification@228a02]" name="startEnvironment" is-config="true" duration-ms="348" started-at="2014-07-29T12:25:43Z" finished-at="2014-07-29T12:25:44Z">
          <params>
            <param index="0">
              <value>
                <![CDATA[QA]]>
              </value>
            </param>
          </params>
          <reporter-output>
            <line>
              <![CDATA[Setting Environment to: QA]]>
            </line>
          </reporter-output>
        </test-method> <!-- startEnvironment -->
        <test-method status="PASS" signature="memberRemove_verifyDB()[pri:0, instance:com.nbcuni.test.nbcidx.sanity.SC06_TC02_MemberRemove_DB_Verification@228a02]" name="memberRemove_verifyDB" duration-ms="92" started-at="2014-07-29T12:25:44Z" finished-at="2014-07-29T12:25:44Z">
          <reporter-output>
            <line>
              <![CDATA[Validating Member present in MongoDB]]>
            </line>
            <line>
              <![CDATA[ ]]>
            </line>
            <line>
              <![CDATA[MongoDB Query :  { "metadata.username.value" : "test_20140729_122522"}]]>
            </line>
            <line>
              <![CDATA[MongoDB Cursor is empty. No Data found from Database]]>
            </line>
            <line>
              <![CDATA[No Data found for Member test_20140729_122522 from Database]]>
            </line>
            <line>
              <![CDATA[ ]]>
            </line>
            <line>
              <![CDATA[Passed : Member test_20140729_122522 successfully deleted from MongoDB]]>
            </line>
            <line>
              <![CDATA[ ]]>
            </line>
          </reporter-output>
        </test-method> <!-- memberRemove_verifyDB -->
        <test-method status="PASS" signature="stopEnvironment()[pri:0, instance:com.nbcuni.test.nbcidx.sanity.SC06_TC02_MemberRemove_DB_Verification@228a02]" name="stopEnvironment" is-config="true" duration-ms="1" started-at="2014-07-29T12:25:44Z" finished-at="2014-07-29T12:25:44Z">
          <reporter-output>
          </reporter-output>
        </test-method> <!-- stopEnvironment -->
      </class> <!-- com.nbcuni.test.nbcidx.sanity.SC06_TC02_MemberRemove_DB_Verification -->
      <class name="com.nbcuni.test.nbcidx.sanity.SC01_Create_RandomMemberInfo">
        <test-method status="PASS" signature="createRandomMember()[pri:0, instance:com.nbcuni.test.nbcidx.sanity.SC01_Create_RandomMemberInfo@15a8767]" name="createRandomMember" duration-ms="56" started-at="2014-07-29T12:25:22Z" finished-at="2014-07-29T12:25:22Z">
          <reporter-output>
            <line>
              <![CDATA[ ]]>
            </line>
            <line>
              <![CDATA[/************************ Creating Random Member for Sanity Test ********************************/]]>
            </line>
            <line>
              <![CDATA[ ]]>
            </line>
            <line>
              <![CDATA[Random Member Created with below information =>]]>
            </line>
            <line>
              <![CDATA[ ]]>
            </line>
            <line>
              <![CDATA[Member Name : test_20140729_122522]]>
            </line>
            <line>
              <![CDATA[Password : 20140729_122522]]>
            </line>
            <line>
              <![CDATA[Email-Id : test20140729_122522@gmail.com]]>
            </line>
          </reporter-output>
        </test-method> <!-- createRandomMember -->
      </class> <!-- com.nbcuni.test.nbcidx.sanity.SC01_Create_RandomMemberInfo -->
      <class name="com.nbcuni.test.nbcidx.sanity.SC02_TC02_MemberPut_DB_Verification">
        <test-method status="PASS" signature="startEnvironment(java.lang.String)[pri:0, instance:com.nbcuni.test.nbcidx.sanity.SC02_TC02_MemberPut_DB_Verification@1cdeff]" name="startEnvironment" is-config="true" duration-ms="490" started-at="2014-07-29T12:25:28Z" finished-at="2014-07-29T12:25:29Z">
          <params>
            <param index="0">
              <value>
                <![CDATA[QA]]>
              </value>
            </param>
          </params>
          <reporter-output>
            <line>
              <![CDATA[Setting Environment to: QA]]>
            </line>
          </reporter-output>
        </test-method> <!-- startEnvironment -->
        <test-method status="PASS" signature="memberPut_verifyDB()[pri:0, instance:com.nbcuni.test.nbcidx.sanity.SC02_TC02_MemberPut_DB_Verification@1cdeff]" name="memberPut_verifyDB" duration-ms="107" started-at="2014-07-29T12:25:29Z" finished-at="2014-07-29T12:25:29Z">
          <reporter-output>
            <line>
              <![CDATA[Validating Member present in MongoDB]]>
            </line>
            <line>
              <![CDATA[ ]]>
            </line>
            <line>
              <![CDATA[MongoDB Query :  { "metadata.username.value" : "test_20140729_122522"}]]>
            </line>
            <line>
              <![CDATA[Got the MongoDB Response : { "_id" : "9132fcc47d5748e4949c5730a8b7cc60" , "metadata" : { "username" : [ { "value" : "test_20140729_122522"}] , "email" : [ { "value" : [ { "address" : "test20140729_122522@gmail.com"}]}]}}]]>
            </line>
            <line>
              <![CDATA[ ]]>
            </line>
            <line>
              <![CDATA[Passed : Member = test_20140729_122522 present in Mongo Database with Email-Id = test20140729_122522@gmail.com and UUID = 9132fcc47d5748e4949c5730a8b7cc60]]>
            </line>
            <line>
              <![CDATA[ ]]>
            </line>
          </reporter-output>
        </test-method> <!-- memberPut_verifyDB -->
        <test-method status="PASS" signature="stopEnvironment()[pri:0, instance:com.nbcuni.test.nbcidx.sanity.SC02_TC02_MemberPut_DB_Verification@1cdeff]" name="stopEnvironment" is-config="true" duration-ms="3" started-at="2014-07-29T12:25:29Z" finished-at="2014-07-29T12:25:29Z">
          <reporter-output>
          </reporter-output>
        </test-method> <!-- stopEnvironment -->
      </class> <!-- com.nbcuni.test.nbcidx.sanity.SC02_TC02_MemberPut_DB_Verification -->
      <class name="com.nbcuni.test.nbcidx.sanity.SC05_TC01_MemberLogout_API_Verification">
        <test-method status="PASS" signature="startEnvironment(java.lang.String)[pri:0, instance:com.nbcuni.test.nbcidx.sanity.SC05_TC01_MemberLogout_API_Verification@ba6c83]" name="startEnvironment" is-config="true" duration-ms="1" started-at="2014-07-29T12:25:38Z" finished-at="2014-07-29T12:25:38Z">
          <params>
            <param index="0">
              <value>
                <![CDATA[QA]]>
              </value>
            </param>
          </params>
          <reporter-output>
            <line>
              <![CDATA[Setting Environment to: QA]]>
            </line>
            <line>
              <![CDATA[Proxy is enabled, hence all API requests will go via configured Proxy]]>
            </line>
          </reporter-output>
        </test-method> <!-- startEnvironment -->
        <test-method status="PASS" signature="memberLogout_verifyAPI()[pri:0, instance:com.nbcuni.test.nbcidx.sanity.SC05_TC01_MemberLogout_API_Verification@ba6c83]" name="memberLogout_verifyAPI" duration-ms="2720" started-at="2014-07-29T12:25:38Z" finished-at="2014-07-29T12:25:41Z">
          <reporter-output>
            <line>
              <![CDATA[ ]]>
            </line>
            <line>
              <![CDATA[/************************************************************************ MEMBER.LOGOUT ************************************************************************/]]>
            </line>
            <line>
              <![CDATA[ ]]>
            </line>
            <line>
              <![CDATA[JSON Body for member.logout : id=test_20140729_122522]]>
            </line>
            <line>
              <![CDATA[API - postRestRequest :: Data will be submitted as <POST>

: id=test_20140729_122522]]>
            </line>
            <line>
              <![CDATA[ ]]>
            </line>
            <line>
              <![CDATA[API Request URL:  https://qa.idxapi.nbcuni.com/member/logout?API_KEY=65432165432165432165432165432165&BRAND_ID=5876e8579c2f422e99b56d8d0567d346]]>
            </line>
            <line>
              <![CDATA[ ]]>
            </line>
            <line>
              <![CDATA[API - postRestRequest :: Response from Server after <POST>

{"_updated":"2014-07-29T16:25:40.383000","username":"test_20140729_122522","_logged_in":false,"_last_login":"2014-07-29T16:25:36.150000","status":"active","_created":"2014-07-29T16:25:26.351000","_id":"9132fcc47d5748e4949c5730a8b7cc60","email":[{"verified":false,"primary":true,"address":"test20140729_122522@gmail.com"}]}]]>
            </line>
            <line>
              <![CDATA[ ]]>
            </line>
            <line>
              <![CDATA[API Call Response : {"_updated":"2014-07-29T16:25:40.383000","username":"test_20140729_122522","_logged_in":false,"_last_login":"2014-07-29T16:25:36.150000","status":"active","_created":"2014-07-29T16:25:26.351000","_id":"9132fcc47d5748e4949c5730a8b7cc60","email":[{"verified":false,"primary":true,"address":"test20140729_122522@gmail.com"}]}]]>
            </line>
            <line>
              <![CDATA[ ]]>
            </line>
            <line>
              <![CDATA[login_status fetched from API Response =false]]>
            </line>
            <line>
              <![CDATA[ ]]>
            </line>
            <line>
              <![CDATA[Passed : _logged_in status in API Response for Member test_20140729_122522 is false]]>
            </line>
            <line>
              <![CDATA[ ]]>
            </line>
          </reporter-output>
        </test-method> <!-- memberLogout_verifyAPI -->
      </class> <!-- com.nbcuni.test.nbcidx.sanity.SC05_TC01_MemberLogout_API_Verification -->
      <class name="com.nbcuni.test.nbcidx.sanity.SC04_TC01_MemberLogin_API_Verification">
        <test-method status="PASS" signature="startEnvironment(java.lang.String)[pri:0, instance:com.nbcuni.test.nbcidx.sanity.SC04_TC01_MemberLogin_API_Verification@b988a6]" name="startEnvironment" is-config="true" duration-ms="517" started-at="2014-07-29T12:25:33Z" finished-at="2014-07-29T12:25:33Z">
          <params>
            <param index="0">
              <value>
                <![CDATA[QA]]>
              </value>
            </param>
          </params>
          <reporter-output>
            <line>
              <![CDATA[Setting Environment to: QA]]>
            </line>
            <line>
              <![CDATA[Proxy is enabled, hence all API requests will go via configured Proxy]]>
            </line>
          </reporter-output>
        </test-method> <!-- startEnvironment -->
        <test-method status="PASS" signature="memberLogin_verifyAPI()[pri:0, instance:com.nbcuni.test.nbcidx.sanity.SC04_TC01_MemberLogin_API_Verification@b988a6]" name="memberLogin_verifyAPI" duration-ms="4150" started-at="2014-07-29T12:25:33Z" finished-at="2014-07-29T12:25:37Z">
          <reporter-output>
            <line>
              <![CDATA[ ]]>
            </line>
            <line>
              <![CDATA[/************************************************************************ MEMBER.LOGIN ************************************************************************/]]>
            </line>
            <line>
              <![CDATA[ ]]>
            </line>
            <line>
              <![CDATA[JSON Body for member.login : id=test_20140729_122522&password=20140729_122522]]>
            </line>
            <line>
              <![CDATA[API - postRestRequest :: Data will be submitted as <POST>

: id=test_20140729_122522&password=20140729_122522]]>
            </line>
            <line>
              <![CDATA[ ]]>
            </line>
            <line>
              <![CDATA[API Request URL:  https://qa.idxapi.nbcuni.com/member/login?API_KEY=65432165432165432165432165432165&BRAND_ID=5876e8579c2f422e99b56d8d0567d346]]>
            </line>
            <line>
              <![CDATA[ ]]>
            </line>
            <line>
              <![CDATA[API - postRestRequest :: Response from Server after <POST>

{"_updated":"2014-07-29T16:25:36.205000","username":"test_20140729_122522","_logged_in":true,"_last_login":"2014-07-29T16:25:36.150000","status":"active","_created":"2014-07-29T16:25:26.351000","_id":"9132fcc47d5748e4949c5730a8b7cc60","email":[{"verified":false,"primary":true,"address":"test20140729_122522@gmail.com"}]}]]>
            </line>
            <line>
              <![CDATA[ ]]>
            </line>
            <line>
              <![CDATA[API Call Response : {"_updated":"2014-07-29T16:25:36.205000","username":"test_20140729_122522","_logged_in":true,"_last_login":"2014-07-29T16:25:36.150000","status":"active","_created":"2014-07-29T16:25:26.351000","_id":"9132fcc47d5748e4949c5730a8b7cc60","email":[{"verified":false,"primary":true,"address":"test20140729_122522@gmail.com"}]}]]>
            </line>
            <line>
              <![CDATA[ ]]>
            </line>
            <line>
              <![CDATA[login_status fetched from API Response =true]]>
            </line>
            <line>
              <![CDATA[ ]]>
            </line>
            <line>
              <![CDATA[Passed : _logged_in status in API Response for Member test_20140729_122522 is true]]>
            </line>
            <line>
              <![CDATA[ ]]>
            </line>
          </reporter-output>
        </test-method> <!-- memberLogin_verifyAPI -->
      </class> <!-- com.nbcuni.test.nbcidx.sanity.SC04_TC01_MemberLogin_API_Verification -->
      <class name="com.nbcuni.test.nbcidx.sanity.SC03_TC02_MemberGet_DB_Verification">
        <test-method status="PASS" signature="startEnvironment(java.lang.String)[pri:0, instance:com.nbcuni.test.nbcidx.sanity.SC03_TC02_MemberGet_DB_Verification@cec0c5]" name="startEnvironment" is-config="true" duration-ms="338" started-at="2014-07-29T12:25:32Z" finished-at="2014-07-29T12:25:33Z">
          <params>
            <param index="0">
              <value>
                <![CDATA[QA]]>
              </value>
            </param>
          </params>
          <reporter-output>
            <line>
              <![CDATA[Setting Environment to: QA]]>
            </line>
          </reporter-output>
        </test-method> <!-- startEnvironment -->
        <test-method status="PASS" signature="memberGet_verifyDB()[pri:0, instance:com.nbcuni.test.nbcidx.sanity.SC03_TC02_MemberGet_DB_Verification@cec0c5]" name="memberGet_verifyDB" duration-ms="105" started-at="2014-07-29T12:25:33Z" finished-at="2014-07-29T12:25:33Z">
          <reporter-output>
            <line>
              <![CDATA[Validating member.get API response against MongoDB]]>
            </line>
            <line>
              <![CDATA[ ]]>
            </line>
            <line>
              <![CDATA[MongoDB Query :  { "metadata.username.value" : "test_20140729_122522"}]]>
            </line>
            <line>
              <![CDATA[Got the MongoDB Response : { "_id" : "9132fcc47d5748e4949c5730a8b7cc60" , "metadata" : { "username" : [ { "value" : "test_20140729_122522"}] , "email" : [ { "value" : [ { "address" : "test20140729_122522@gmail.com"}]}]}}]]>
            </line>
            <line>
              <![CDATA[ ]]>
            </line>
            <line>
              <![CDATA[Passed : Member = test_20140729_122522 present in Mongo Database with Email-Id = test20140729_122522@gmail.com and UUID = 9132fcc47d5748e4949c5730a8b7cc60]]>
            </line>
            <line>
              <![CDATA[ ]]>
            </line>
          </reporter-output>
        </test-method> <!-- memberGet_verifyDB -->
        <test-method status="PASS" signature="stopEnvironment()[pri:0, instance:com.nbcuni.test.nbcidx.sanity.SC03_TC02_MemberGet_DB_Verification@cec0c5]" name="stopEnvironment" is-config="true" duration-ms="9" started-at="2014-07-29T12:25:33Z" finished-at="2014-07-29T12:25:33Z">
          <reporter-output>
          </reporter-output>
        </test-method> <!-- stopEnvironment -->
      </class> <!-- com.nbcuni.test.nbcidx.sanity.SC03_TC02_MemberGet_DB_Verification -->
      <class name="com.nbcuni.test.nbcidx.sanity.SC02_TC01_MemberPut_API_Verification">
        <test-method status="PASS" signature="startEnvironment(java.lang.String)[pri:0, instance:com.nbcuni.test.nbcidx.sanity.SC02_TC01_MemberPut_API_Verification@1c6f579]" name="startEnvironment" is-config="true" duration-ms="27" started-at="2014-07-29T12:25:22Z" finished-at="2014-07-29T12:25:22Z">
          <params>
            <param index="0">
              <value>
                <![CDATA[QA]]>
              </value>
            </param>
          </params>
          <reporter-output>
            <line>
              <![CDATA[Setting Environment to: QA]]>
            </line>
            <line>
              <![CDATA[Proxy is enabled, hence all API requests will go via configured Proxy]]>
            </line>
          </reporter-output>
        </test-method> <!-- startEnvironment -->
        <test-method status="PASS" signature="memberPut_verifyAPI()[pri:0, instance:com.nbcuni.test.nbcidx.sanity.SC02_TC01_MemberPut_API_Verification@1c6f579]" name="memberPut_verifyAPI" duration-ms="6294" started-at="2014-07-29T12:25:22Z" finished-at="2014-07-29T12:25:28Z">
          <reporter-output>
            <line>
              <![CDATA[ ]]>
            </line>
            <line>
              <![CDATA[/************************************************************************ MEMBER.PUT ************************************************************************/]]>
            </line>
            <line>
              <![CDATA[ ]]>
            </line>
            <line>
              <![CDATA[~~~~~~~~~~~~~~~~~~~~~~~~~~~~~~~~~~~~~~~~~~~~~~~~~~~~~~~~~~~~~~~~~ MEMBER.PUT ~~~~~~~~~~~~~~~~~~~~~~~~~~~~~~~~~~~~~~~~~~~~~~~~~~~~~~~~~~~~~~~~~]]>
            </line>
            <line>
              <![CDATA[Validating API call Response]]>
            </line>
            <line>
              <![CDATA[]]>
            </line>
            <line>
              <![CDATA[API - postRestRequest :: Data will be submitted as <POST>

: {"username":"test_20140729_122522","password":"20140729_122522","email":"test20140729_122522@gmail.com"}]]>
            </line>
            <line>
              <![CDATA[ ]]>
            </line>
            <line>
              <![CDATA[API Request URL:  https://qa.idxapi.nbcuni.com/member/put?API_KEY=65432165432165432165432165432165&BRAND_ID=5876e8579c2f422e99b56d8d0567d346]]>
            </line>
            <line>
              <![CDATA[ ]]>
            </line>
            <line>
              <![CDATA[API - postRestRequest :: Response from Server after <POST>

{"_updated":"2014-07-29T16:25:26.932000","username":"test_20140729_122522","status":"active","_created":"2014-07-29T16:25:26.351000","_id":"9132fcc47d5748e4949c5730a8b7cc60","email":[{"verified":false,"primary":true,"address":"test20140729_122522@gmail.com"}]}]]>
            </line>
            <line>
              <![CDATA[membername fetched from API Response ="test_20140729_122522"]]>
            </line>
            <line>
              <![CDATA[email -> address fetched from API Response ="test20140729_122522@gmail.com"]]>
            </line>
            <line>
              <![CDATA[ ]]>
            </line>
            <line>
              <![CDATA[Passed : API Response contains Member = test_20140729_122522 with Email-Id = test20140729_122522@gmail.com]]>
            </line>
            <line>
              <![CDATA[ ]]>
            </line>
          </reporter-output>
        </test-method> <!-- memberPut_verifyAPI -->
      </class> <!-- com.nbcuni.test.nbcidx.sanity.SC02_TC01_MemberPut_API_Verification -->
      <class name="com.nbcuni.test.nbcidx.sanity.SC05_TC02_MemberLogout_DB_Verification">
        <test-method status="PASS" signature="startEnvironment(java.lang.String)[pri:0, instance:com.nbcuni.test.nbcidx.sanity.SC05_TC02_MemberLogout_DB_Verification@1d63e39]" name="startEnvironment" is-config="true" duration-ms="353" started-at="2014-07-29T12:25:41Z" finished-at="2014-07-29T12:25:41Z">
          <params>
            <param index="0">
              <value>
                <![CDATA[QA]]>
              </value>
            </param>
          </params>
          <reporter-output>
            <line>
              <![CDATA[Setting Environment to: QA]]>
            </line>
          </reporter-output>
        </test-method> <!-- startEnvironment -->
        <test-method status="PASS" signature="memberLogout_verifyDB()[pri:0, instance:com.nbcuni.test.nbcidx.sanity.SC05_TC02_MemberLogout_DB_Verification@1d63e39]" name="memberLogout_verifyDB" duration-ms="92" started-at="2014-07-29T12:25:41Z" finished-at="2014-07-29T12:25:41Z">
          <reporter-output>
            <line>
              <![CDATA[Validating logged_in status for Member test_20140729_122522 in MongoDB]]>
            </line>
            <line>
              <![CDATA[ ]]>
            </line>
            <line>
              <![CDATA[MongoDB Query :  { "metadata.username.value" : "test_20140729_122522"}]]>
            </line>
            <line>
              <![CDATA[Got the MongoDB Response : { "_id" : "9132fcc47d5748e4949c5730a8b7cc60" , "metadata" : { "username" : [ { "value" : "test_20140729_122522"}] , "_logged_in" : [ { "value" : false}] , "email" : [ { "value" : [ { "address" : "test20140729_122522@gmail.com"}]}]}}]]>
            </line>
            <line>
              <![CDATA[ ]]>
            </line>
            <line>
              <![CDATA[Passed : _logged_in status for Member test_20140729_122522 is false in MongoDB Database]]>
            </line>
          </reporter-output>
        </test-method> <!-- memberLogout_verifyDB -->
        <test-method status="PASS" signature="stopEnvironment()[pri:0, instance:com.nbcuni.test.nbcidx.sanity.SC05_TC02_MemberLogout_DB_Verification@1d63e39]" name="stopEnvironment" is-config="true" duration-ms="0" started-at="2014-07-29T12:25:41Z" finished-at="2014-07-29T12:25:41Z">
          <reporter-output>
          </reporter-output>
        </test-method> <!-- stopEnvironment -->
      </class> <!-- com.nbcuni.test.nbcidx.sanity.SC05_TC02_MemberLogout_DB_Verification -->
      <class name="com.nbcuni.test.nbcidx.sanity.SC04_TC02_MemberLogin_DB_Verification">
        <test-method status="PASS" signature="startEnvironment(java.lang.String)[pri:0, instance:com.nbcuni.test.nbcidx.sanity.SC04_TC02_MemberLogin_DB_Verification@3901c6]" name="startEnvironment" is-config="true" duration-ms="777" started-at="2014-07-29T12:25:37Z" finished-at="2014-07-29T12:25:38Z">
          <params>
            <param index="0">
              <value>
                <![CDATA[QA]]>
              </value>
            </param>
          </params>
          <reporter-output>
            <line>
              <![CDATA[Setting Environment to: QA]]>
            </line>
          </reporter-output>
        </test-method> <!-- startEnvironment -->
        <test-method status="PASS" signature="memberLogin_verifyDB()[pri:0, instance:com.nbcuni.test.nbcidx.sanity.SC04_TC02_MemberLogin_DB_Verification@3901c6]" name="memberLogin_verifyDB" duration-ms="104" started-at="2014-07-29T12:25:38Z" finished-at="2014-07-29T12:25:38Z">
          <reporter-output>
            <line>
              <![CDATA[Validating logged_in status for Member test_20140729_122522 in MongoDB]]>
            </line>
            <line>
              <![CDATA[ ]]>
            </line>
            <line>
              <![CDATA[MongoDB Query :  { "metadata.username.value" : "test_20140729_122522"}]]>
            </line>
            <line>
              <![CDATA[Got the MongoDB Response : { "_id" : "9132fcc47d5748e4949c5730a8b7cc60" , "metadata" : { "username" : [ { "value" : "test_20140729_122522"}] , "_logged_in" : [ { "value" : true}] , "email" : [ { "value" : [ { "address" : "test20140729_122522@gmail.com"}]}]}}]]>
            </line>
            <line>
              <![CDATA[ ]]>
            </line>
            <line>
              <![CDATA[Passed : _logged_in status for Member test_20140729_122522 is true in MongoDB Database]]>
            </line>
          </reporter-output>
        </test-method> <!-- memberLogin_verifyDB -->
        <test-method status="PASS" signature="stopEnvironment()[pri:0, instance:com.nbcuni.test.nbcidx.sanity.SC04_TC02_MemberLogin_DB_Verification@3901c6]" name="stopEnvironment" is-config="true" duration-ms="1" started-at="2014-07-29T12:25:38Z" finished-at="2014-07-29T12:25:38Z">
          <reporter-output>
          </reporter-output>
        </test-method> <!-- stopEnvironment -->
      </class> <!-- com.nbcuni.test.nbcidx.sanity.SC04_TC02_MemberLogin_DB_Verification -->
    </test> <!-- Tests -->
  </suite> <!-- Test Suite for NBCIdx -->
</testng-results>
