<?xml version="1.0" encoding="UTF-8"?>
<testng-results skipped="0" failed="0" total="17" passed="17">
  <reporter-output>
    <line>
      <![CDATA[Setting Environment to: QA]]>
    </line>
    <line>
      <![CDATA[ ]]>
    </line>
    <line>
      <![CDATA[/************************ Gerating Random Member Info ********************************/]]>
    </line>
    <line>
      <![CDATA[ ]]>
    </line>
    <line>
      <![CDATA[Random Member will be generated with below information =>]]>
    </line>
    <line>
      <![CDATA[Member User Name : test_20140926_172801]]>
    </line>
    <line>
      <![CDATA[Password : 20140926_172801]]>
    </line>
    <line>
      <![CDATA[Email-Id : test_20140926_172801@gmail.com]]>
    </line>
    <line>
      <![CDATA[Member First Name : test_20140926_172801_First]]>
    </line>
    <line>
      <![CDATA[Member Middle Name : test_20140926_172801_Middle]]>
    </line>
    <line>
      <![CDATA[Member Last Name : test_20140926_172801_Last]]>
    </line>
    <line>
      <![CDATA[BirthDate : 4/10/1984]]>
    </line>
    <line>
      <![CDATA[Gender : f]]>
    </line>
    <line>
      <![CDATA[Member Screen Name : test_20140926_172801_Screen]]>
    </line>
    <line>
      <![CDATA[Member Phone Number : 2015678947]]>
    </line>
    <line>
      <![CDATA[-- X --]]>
    </line>
    <line>
      <![CDATA[ ]]>
    </line>
    <line>
      <![CDATA[RallyTestResult :: Creating Test Results in Rally for Test Case (com.nbcuni.test.nbcidx.member.put.inputFields.TC01_Create_RandomMemberInfo@60acdc)]]>
    </line>
    <line>
      <![CDATA[Index: 0, Size: 0]]>
    </line>
    <line>
      <![CDATA[Index: 0, Size: 0]]>
    </line>
    <line>
      <![CDATA[Setting Environment to: QA]]>
    </line>
    <line>
      <![CDATA[1) Creating new member using member.put API and 'username' field]]>
    </line>
    <line>
      <![CDATA[~~~~~~~~~~~~~~~~~~~~~~~~~~~~~~~~~~~~~~~~~~~~~~~~~~~~~~~~~~~~~~~~~ MEMBER.PUT ~~~~~~~~~~~~~~~~~~~~~~~~~~~~~~~~~~~~~~~~~~~~~~~~~~~~~~~~~~~~~~~~~]]>
    </line>
    <line>
      <![CDATA[Validating API call Response]]>
    </line>
    <line>
      <![CDATA[]]>
    </line>
    <line>
      <![CDATA[API - postRestRequest :: Data will be submitted as <POST>

: {"username":"test_20140926_172801"}]]>
    </line>
    <line>
      <![CDATA[ ]]>
    </line>
    <line>
      <![CDATA[API Request URL:  https://qa.idxapi.nbcuni.com/member/put?API_KEY=65432165432165432165432165432165&BRAND_ID=5876e8579c2f422e99b56d8d0567d346]]>
    </line>
    <line>
      <![CDATA[ ]]>
    </line>
    <line>
      <![CDATA[API - postRestRequest :: Response from Server after <POST>

{"_updated":"2014-09-26T21:28:06.462000","_created":"2014-09-26T21:28:06.419000","username":"test_20140926_172801","_id":"0d075a9de10848e4974f63f970d72338","status":"active"}]]>
    </line>
    <line>
      <![CDATA[~~~~~~~~~~~~~~~~~~~~~~~~~~~~~~~~~~~~~~~~~~~~~~~~~~~~~~~~~~~~~~~~~ MongoDB ~~~~~~~~~~~~~~~~~~~~~~~~~~~~~~~~~~~~~~~~~~~~~~~~~~~~~~~~~~~~~~~~~~~]]>
    </line>
    <line>
      <![CDATA[Validating Member present in MongoDB]]>
    </line>
    <line>
      <![CDATA[]]>
    </line>
    <line>
      <![CDATA[MongoDB Query :  { "metadata.username.value" : "test_20140926_172801"}]]>
    </line>
    <line>
      <![CDATA[Got the MongoDB Response : { "_id" : "0d075a9de10848e4974f63f970d72338" , "metadata" : { "username" : [ { "value" : "test_20140926_172801"}]}}]]>
    </line>
    <line>
      <![CDATA[ ]]>
    </line>
    <line>
      <![CDATA[Passed : Member = test_20140926_172801 present in Mongo Database with UUID = 0d075a9de10848e4974f63f970d72338]]>
    </line>
    <line>
      <![CDATA[-- X --]]>
    </line>
    <line>
      <![CDATA[]]>
    </line>
    <line>
      <![CDATA[2) Updating same member using member.put API for 'username' field]]>
    </line>
    <line>
      <![CDATA[~~~~~~~~~~~~~~~~~~~~~~~~~~~~~~~~~~~~~~~~~~~~~~~~~~~~~~~~~~~~~~~~~ MEMBER.PUT ~~~~~~~~~~~~~~~~~~~~~~~~~~~~~~~~~~~~~~~~~~~~~~~~~~~~~~~~~~~~~~~~~]]>
    </line>
    <line>
      <![CDATA[Validating API call Response]]>
    </line>
    <line>
      <![CDATA[]]>
    </line>
    <line>
      <![CDATA[API - postRestRequest :: Data will be submitted as <POST>

: {"_id":"0d075a9de10848e4974f63f970d72338","username":"test_20140926_172801_Updated"}]]>
    </line>
    <line>
      <![CDATA[ ]]>
    </line>
    <line>
      <![CDATA[API Request URL:  https://qa.idxapi.nbcuni.com/member/put?API_KEY=65432165432165432165432165432165&BRAND_ID=5876e8579c2f422e99b56d8d0567d346]]>
    </line>
    <line>
      <![CDATA[ ]]>
    </line>
    <line>
      <![CDATA[API - postRestRequest :: Response from Server after <POST>

{"_updated":"2014-09-26T21:28:09.509000","_created":"2014-09-26T21:28:06.419000","username":"test_20140926_172801_Updated","_id":"0d075a9de10848e4974f63f970d72338","status":"active"}]]>
    </line>
    <line>
      <![CDATA[~~~~~~~~~~~~~~~~~~~~~~~~~~~~~~~~~~~~~~~~~~~~~~~~~~~~~~~~~~~~~~~~~ MongoDB ~~~~~~~~~~~~~~~~~~~~~~~~~~~~~~~~~~~~~~~~~~~~~~~~~~~~~~~~~~~~~~~~~~~]]>
    </line>
    <line>
      <![CDATA[Validating Username updated in MongoDB]]>
    </line>
    <line>
      <![CDATA[]]>
    </line>
    <line>
      <![CDATA[MongoDB Query :  { "_id" : "0d075a9de10848e4974f63f970d72338"}]]>
    </line>
    <line>
      <![CDATA[Got the MongoDB Response : { "_id" : "0d075a9de10848e4974f63f970d72338" , "metadata" : { "username" : [ { "value" : "test_20140926_172801_Updated"} , { "value" : "test_20140926_172801"}]}}]]>
    </line>
    <line>
      <![CDATA[ ]]>
    </line>
    <line>
      <![CDATA[Passed : Username of member with UUID = 0d075a9de10848e4974f63f970d72338 got updated with = test_20140926_172801_Updated in MongoDB.]]>
    </line>
    <line>
      <![CDATA[-- X --]]>
    </line>
    <line>
      <![CDATA[ ]]>
    </line>
    <line>
      <![CDATA[3) Updating 'Username' for member test_20140926_172801_Updated to 'Integer value' using member.put API and 'username' field]]>
    </line>
    <line>
      <![CDATA[]]>
    </line>
    <line>
      <![CDATA[~~~~~~~~~~~~~~~~~~~~~~~~~~~~~~~~~~~~~~~~~~~~~~~~~~~~~~~~~~~~~~~~~ MEMBER.PUT ~~~~~~~~~~~~~~~~~~~~~~~~~~~~~~~~~~~~~~~~~~~~~~~~~~~~~~~~~~~~~~~~~]]>
    </line>
    <line>
      <![CDATA[Validating API call Response]]>
    </line>
    <line>
      <![CDATA[]]>
    </line>
    <line>
      <![CDATA[JSON Body for POST = {'_id':'0d075a9de10848e4974f63f970d72338','username':12345}]]>
    </line>
    <line>
      <![CDATA[API - postRestRequest :: Data will be submitted as <POST>

: {"_id":"0d075a9de10848e4974f63f970d72338","username":12345}]]>
    </line>
    <line>
      <![CDATA[ ]]>
    </line>
    <line>
      <![CDATA[API Request URL:  https://qa.idxapi.nbcuni.com/member/put?API_KEY=65432165432165432165432165432165&BRAND_ID=5876e8579c2f422e99b56d8d0567d346]]>
    </line>
    <line>
      <![CDATA[ ]]>
    </line>
    <line>
      <![CDATA[HTTP RESPONSE: 400]]>
    </line>
    <line>
      <![CDATA[RESPONSE BODY:  {"request-id":"b6567eb07af649d1a426484b9e82870e","error":"username must be a string"}]]>
    </line>
    <line>
      <![CDATA[Passed : member.put is not accepting Integer value for 'username' field]]>
    </line>
    <line>
      <![CDATA[-- X --]]>
    </line>
    <line>
      <![CDATA[RallyTestResult :: Creating Test Results in Rally for Test Case (com.nbcuni.test.nbcidx.member.put.inputFields.TC5009_MemberPut_Username@b799cf)]]>
    </line>
    <line>
      <![CDATA[RallyTestResult :: Rally Test Execution for Test Case (com.nbcuni.test.nbcidx.member.put.inputFields.TC5009_MemberPut_Username@b799cf) updated in Rally.]]>
    </line>
    <line>
      <![CDATA[Setting Environment to: QA]]>
    </line>
    <line>
      <![CDATA[1) Creating new password for member using member.put API and 'password' field]]>
    </line>
    <line>
      <![CDATA[~~~~~~~~~~~~~~~~~~~~~~~~~~~~~~~~~~~~~~~~~~~~~~~~~~~~~~~~~~~~~~~~~ MEMBER.PUT ~~~~~~~~~~~~~~~~~~~~~~~~~~~~~~~~~~~~~~~~~~~~~~~~~~~~~~~~~~~~~~~~~]]>
    </line>
    <line>
      <![CDATA[Validating API call Response]]>
    </line>
    <line>
      <![CDATA[]]>
    </line>
    <line>
      <![CDATA[API - postRestRequest :: Data will be submitted as <POST>

: {"_id":"0d075a9de10848e4974f63f970d72338","password":"20140926_172801"}]]>
    </line>
    <line>
      <![CDATA[ ]]>
    </line>
    <line>
      <![CDATA[API Request URL:  https://qa.idxapi.nbcuni.com/member/put?API_KEY=65432165432165432165432165432165&BRAND_ID=5876e8579c2f422e99b56d8d0567d346]]>
    </line>
    <line>
      <![CDATA[ ]]>
    </line>
    <line>
      <![CDATA[API - postRestRequest :: Response from Server after <POST>

{"_updated":"2014-09-26T21:28:18.810000","_created":"2014-09-26T21:28:06.419000","username":"test_20140926_172801_Updated","_id":"0d075a9de10848e4974f63f970d72338","status":"active"}]]>
    </line>
    <line>
      <![CDATA[~~~~~~~~~~~~~~~~~~~~~~~~~~~~~~~~~~~~~~~~~~~~~~~~~~~~~~~~~~~~~~~~~ MongoDB ~~~~~~~~~~~~~~~~~~~~~~~~~~~~~~~~~~~~~~~~~~~~~~~~~~~~~~~~~~~~~~~~~~~]]>
    </line>
    <line>
      <![CDATA[Validating member in MongoDB]]>
    </line>
    <line>
      <![CDATA[]]>
    </line>
    <line>
      <![CDATA[MongoDB Query :  { "metadata.username.value" : "test_20140926_172801_Updated"}]]>
    </line>
    <line>
      <![CDATA[Got the MongoDB Response : { "_id" : "0d075a9de10848e4974f63f970d72338" , "metadata" : { "username" : [ { "value" : "test_20140926_172801_Updated"} , { "value" : "test_20140926_172801"}] , "password" : [ { "value" : "$p5k2$2710$lepmYYql$Tczyl3fBjjHsFe0v3A8vFzMjI1Ge+rj7"}]}}]]>
    </line>
    <line>
      <![CDATA[ ]]>
    </line>
    <line>
      <![CDATA[-- X --]]>
    </line>
    <line>
      <![CDATA[ ]]>
    </line>
    <line>
      <![CDATA[2) Updating 'password' field of member using member.put API]]>
    </line>
    <line>
      <![CDATA[~~~~~~~~~~~~~~~~~~~~~~~~~~~~~~~~~~~~~~~~~~~~~~~~~~~~~~~~~~~~~~~~~ MEMBER.PUT ~~~~~~~~~~~~~~~~~~~~~~~~~~~~~~~~~~~~~~~~~~~~~~~~~~~~~~~~~~~~~~~~~]]>
    </line>
    <line>
      <![CDATA[Validating API call Response]]>
    </line>
    <line>
      <![CDATA[]]>
    </line>
    <line>
      <![CDATA[API - postRestRequest :: Data will be submitted as <POST>

: {"_id":"0d075a9de10848e4974f63f970d72338","password":"20140926_172801_Updated"}]]>
    </line>
    <line>
      <![CDATA[ ]]>
    </line>
    <line>
      <![CDATA[API Request URL:  https://qa.idxapi.nbcuni.com/member/put?API_KEY=65432165432165432165432165432165&BRAND_ID=5876e8579c2f422e99b56d8d0567d346]]>
    </line>
    <line>
      <![CDATA[ ]]>
    </line>
    <line>
      <![CDATA[API - postRestRequest :: Response from Server after <POST>

{"_updated":"2014-09-26T21:28:22.097000","_created":"2014-09-26T21:28:06.419000","username":"test_20140926_172801_Updated","_id":"0d075a9de10848e4974f63f970d72338","status":"active"}]]>
    </line>
    <line>
      <![CDATA[-- X --]]>
    </line>
    <line>
      <![CDATA[RallyTestResult :: Creating Test Results in Rally for Test Case (com.nbcuni.test.nbcidx.member.put.inputFields.TC5011_MemberPut_Password@19ffd6f)]]>
    </line>
    <line>
      <![CDATA[RallyTestResult :: Rally Test Execution for Test Case (com.nbcuni.test.nbcidx.member.put.inputFields.TC5011_MemberPut_Password@19ffd6f) updated in Rally.]]>
    </line>
    <line>
      <![CDATA[Setting Environment to: QA]]>
    </line>
    <line>
      <![CDATA[1) Updating status for member test_20140926_172801_Updated to 'pending' using member.put API and 'status' field]]>
    </line>
    <line>
      <![CDATA[~~~~~~~~~~~~~~~~~~~~~~~~~~~~~~~~~~~~~~~~~~~~~~~~~~~~~~~~~~~~~~~~~ MEMBER.PUT ~~~~~~~~~~~~~~~~~~~~~~~~~~~~~~~~~~~~~~~~~~~~~~~~~~~~~~~~~~~~~~~~~]]>
    </line>
    <line>
      <![CDATA[Validating API call Response]]>
    </line>
    <line>
      <![CDATA[]]>
    </line>
    <line>
      <![CDATA[API - postRestRequest :: Data will be submitted as <POST>

: {"_id":"0d075a9de10848e4974f63f970d72338","status":"pending"}]]>
    </line>
    <line>
      <![CDATA[ ]]>
    </line>
    <line>
      <![CDATA[API Request URL:  https://qa.idxapi.nbcuni.com/member/put?API_KEY=65432165432165432165432165432165&BRAND_ID=5876e8579c2f422e99b56d8d0567d346]]>
    </line>
    <line>
      <![CDATA[ ]]>
    </line>
    <line>
      <![CDATA[API - postRestRequest :: Response from Server after <POST>

{"_updated":"2014-09-26T21:28:28.320000","_created":"2014-09-26T21:28:06.419000","username":"test_20140926_172801_Updated","_id":"0d075a9de10848e4974f63f970d72338","status":"pending"}]]>
    </line>
    <line>
      <![CDATA[~~~~~~~~~~~~~~~~~~~~~~~~~~~~~~~~~~~~~~~~~~~~~~~~~~~~~~~~~~~~~~~~~ MongoDB ~~~~~~~~~~~~~~~~~~~~~~~~~~~~~~~~~~~~~~~~~~~~~~~~~~~~~~~~~~~~~~~~~~~]]>
    </line>
    <line>
      <![CDATA[Validating Status of Member in MongoDB]]>
    </line>
    <line>
      <![CDATA[]]>
    </line>
    <line>
      <![CDATA[MongoDB Query :  { "metadata.username.value" : "test_20140926_172801_Updated"}]]>
    </line>
    <line>
      <![CDATA[Got the MongoDB Response : { "_id" : "0d075a9de10848e4974f63f970d72338" , "metadata" : { "status" : [ { "value" : "pending"} , { "value" : "active"}] , "username" : [ { "value" : "test_20140926_172801_Updated"} , { "value" : "test_20140926_172801"}] , "password" : [ { "value" : "$p5k2$2710$mE7E3I92$Hy1djFBgrVzAuDRuEmAzj3VUWVZrEbry"} , { "value" : "$p5k2$2710$lepmYYql$Tczyl3fBjjHsFe0v3A8vFzMjI1Ge+rj7"}]}}]]>
    </line>
    <line>
      <![CDATA[ ]]>
    </line>
    <line>
      <![CDATA[JSON Object: {"status":[{"value":"pending"},{"value":"active"}],"username":[{"value":"test_20140926_172801_Updated"},{"value":"test_20140926_172801"}],"password":[{"value":"$p5k2$2710$mE7E3I92$Hy1djFBgrVzAuDRuEmAzj3VUWVZrEbry"},{"value":"$p5k2$2710$lepmYYql$Tczyl3fBjjHsFe0v3A8vFzMjI1Ge+rj7"}]}]]>
    </line>
    <line>
      <![CDATA[Total Count: 2]]>
    </line>
    <line>
      <![CDATA[Total in ArrayList: 2]]>
    </line>
    <line>
      <![CDATA[Latest status of this member is = {value=pending}]]>
    </line>
    <line>
      <![CDATA[Passed : Status of Member = test_20140926_172801_Updated in MongoDB is 'pending'.]]>
    </line>
    <line>
      <![CDATA[-- X --]]>
    </line>
    <line>
      <![CDATA[]]>
    </line>
    <line>
      <![CDATA[2) Updating status for member test_20140926_172801_Updated to 'deleted' using member.put API and 'status' field]]>
    </line>
    <line>
      <![CDATA[~~~~~~~~~~~~~~~~~~~~~~~~~~~~~~~~~~~~~~~~~~~~~~~~~~~~~~~~~~~~~~~~~ MEMBER.PUT ~~~~~~~~~~~~~~~~~~~~~~~~~~~~~~~~~~~~~~~~~~~~~~~~~~~~~~~~~~~~~~~~~]]>
    </line>
    <line>
      <![CDATA[Validating API call Response]]>
    </line>
    <line>
      <![CDATA[]]>
    </line>
    <line>
      <![CDATA[API - postRestRequest :: Data will be submitted as <POST>

: {"_id":"0d075a9de10848e4974f63f970d72338","status":"deleted"}]]>
    </line>
    <line>
      <![CDATA[ ]]>
    </line>
    <line>
      <![CDATA[API Request URL:  https://qa.idxapi.nbcuni.com/member/put?API_KEY=65432165432165432165432165432165&BRAND_ID=5876e8579c2f422e99b56d8d0567d346]]>
    </line>
    <line>
      <![CDATA[ ]]>
    </line>
    <line>
      <![CDATA[API - postRestRequest :: Response from Server after <POST>

{"_updated":"2014-09-26T21:28:34.502000","_created":"2014-09-26T21:28:06.419000","username":"test_20140926_172801_Updated","_id":"0d075a9de10848e4974f63f970d72338","status":"deleted"}]]>
    </line>
    <line>
      <![CDATA[~~~~~~~~~~~~~~~~~~~~~~~~~~~~~~~~~~~~~~~~~~~~~~~~~~~~~~~~~~~~~~~~~ MongoDB ~~~~~~~~~~~~~~~~~~~~~~~~~~~~~~~~~~~~~~~~~~~~~~~~~~~~~~~~~~~~~~~~~~~]]>
    </line>
    <line>
      <![CDATA[Validating Username updated in MongoDB]]>
    </line>
    <line>
      <![CDATA[]]>
    </line>
    <line>
      <![CDATA[MongoDB Query :  { "metadata.username.value" : "test_20140926_172801_Updated"}]]>
    </line>
    <line>
      <![CDATA[Got the MongoDB Response : { "_id" : "0d075a9de10848e4974f63f970d72338" , "metadata" : { "status" : [ { "value" : "deleted"} , { "value" : "pending"} , { "value" : "active"}] , "username" : [ { "value" : "test_20140926_172801_Updated"} , { "value" : "test_20140926_172801"}] , "password" : [ { "value" : "$p5k2$2710$mE7E3I92$Hy1djFBgrVzAuDRuEmAzj3VUWVZrEbry"} , { "value" : "$p5k2$2710$lepmYYql$Tczyl3fBjjHsFe0v3A8vFzMjI1Ge+rj7"}]}}]]>
    </line>
    <line>
      <![CDATA[ ]]>
    </line>
    <line>
      <![CDATA[JSON Object: {"status":[{"value":"deleted"},{"value":"pending"},{"value":"active"}],"username":[{"value":"test_20140926_172801_Updated"},{"value":"test_20140926_172801"}],"password":[{"value":"$p5k2$2710$mE7E3I92$Hy1djFBgrVzAuDRuEmAzj3VUWVZrEbry"},{"value":"$p5k2$2710$lepmYYql$Tczyl3fBjjHsFe0v3A8vFzMjI1Ge+rj7"}]}]]>
    </line>
    <line>
      <![CDATA[Total Count: 3]]>
    </line>
    <line>
      <![CDATA[Total in ArrayList: 3]]>
    </line>
    <line>
      <![CDATA[Latest status of this member is = {value=deleted}]]>
    </line>
    <line>
      <![CDATA[Passed : Status of Member = test_20140926_172801_Updated in MongoDB is 'deleted'.]]>
    </line>
    <line>
      <![CDATA[-- X --]]>
    </line>
    <line>
      <![CDATA[]]>
    </line>
    <line>
      <![CDATA[3) Updating status for member test_20140926_172801_Updated to 'banned' using member.put API and 'status' field]]>
    </line>
    <line>
      <![CDATA[~~~~~~~~~~~~~~~~~~~~~~~~~~~~~~~~~~~~~~~~~~~~~~~~~~~~~~~~~~~~~~~~~ MEMBER.PUT ~~~~~~~~~~~~~~~~~~~~~~~~~~~~~~~~~~~~~~~~~~~~~~~~~~~~~~~~~~~~~~~~~]]>
    </line>
    <line>
      <![CDATA[Validating API call Response]]>
    </line>
    <line>
      <![CDATA[]]>
    </line>
    <line>
      <![CDATA[API - postRestRequest :: Data will be submitted as <POST>

: {"_id":"0d075a9de10848e4974f63f970d72338","status":"banned"}]]>
    </line>
    <line>
      <![CDATA[ ]]>
    </line>
    <line>
      <![CDATA[API Request URL:  https://qa.idxapi.nbcuni.com/member/put?API_KEY=65432165432165432165432165432165&BRAND_ID=5876e8579c2f422e99b56d8d0567d346]]>
    </line>
    <line>
      <![CDATA[ ]]>
    </line>
    <line>
      <![CDATA[API - postRestRequest :: Response from Server after <POST>

{"_updated":"2014-09-26T21:28:39.650000","_created":"2014-09-26T21:28:06.419000","username":"test_20140926_172801_Updated","_id":"0d075a9de10848e4974f63f970d72338","status":"banned"}]]>
    </line>
    <line>
      <![CDATA[~~~~~~~~~~~~~~~~~~~~~~~~~~~~~~~~~~~~~~~~~~~~~~~~~~~~~~~~~~~~~~~~~ MongoDB ~~~~~~~~~~~~~~~~~~~~~~~~~~~~~~~~~~~~~~~~~~~~~~~~~~~~~~~~~~~~~~~~~~~]]>
    </line>
    <line>
      <![CDATA[Validating Username updated in MongoDB]]>
    </line>
    <line>
      <![CDATA[]]>
    </line>
    <line>
      <![CDATA[MongoDB Query :  { "metadata.username.value" : "test_20140926_172801_Updated"}]]>
    </line>
    <line>
      <![CDATA[Got the MongoDB Response : { "_id" : "0d075a9de10848e4974f63f970d72338" , "metadata" : { "status" : [ { "value" : "banned"} , { "value" : "deleted"} , { "value" : "pending"} , { "value" : "active"}] , "username" : [ { "value" : "test_20140926_172801_Updated"} , { "value" : "test_20140926_172801"}] , "password" : [ { "value" : "$p5k2$2710$mE7E3I92$Hy1djFBgrVzAuDRuEmAzj3VUWVZrEbry"} , { "value" : "$p5k2$2710$lepmYYql$Tczyl3fBjjHsFe0v3A8vFzMjI1Ge+rj7"}]}}]]>
    </line>
    <line>
      <![CDATA[ ]]>
    </line>
    <line>
      <![CDATA[JSON Object: {"status":[{"value":"banned"},{"value":"deleted"},{"value":"pending"},{"value":"active"}],"username":[{"value":"test_20140926_172801_Updated"},{"value":"test_20140926_172801"}],"password":[{"value":"$p5k2$2710$mE7E3I92$Hy1djFBgrVzAuDRuEmAzj3VUWVZrEbry"},{"value":"$p5k2$2710$lepmYYql$Tczyl3fBjjHsFe0v3A8vFzMjI1Ge+rj7"}]}]]>
    </line>
    <line>
      <![CDATA[Total Count: 4]]>
    </line>
    <line>
      <![CDATA[Total in ArrayList: 4]]>
    </line>
    <line>
      <![CDATA[Latest status of this member is = {value=banned}]]>
    </line>
    <line>
      <![CDATA[Passed : Status of Member = test_20140926_172801_Updated in MongoDB is 'banned'.]]>
    </line>
    <line>
      <![CDATA[-- X --]]>
    </line>
    <line>
      <![CDATA[]]>
    </line>
    <line>
      <![CDATA[4) Updating status for member test_20140926_172801_Updated to 'active' using member.put API and 'status' field]]>
    </line>
    <line>
      <![CDATA[~~~~~~~~~~~~~~~~~~~~~~~~~~~~~~~~~~~~~~~~~~~~~~~~~~~~~~~~~~~~~~~~~ MEMBER.PUT ~~~~~~~~~~~~~~~~~~~~~~~~~~~~~~~~~~~~~~~~~~~~~~~~~~~~~~~~~~~~~~~~~]]>
    </line>
    <line>
      <![CDATA[Validating API call Response]]>
    </line>
    <line>
      <![CDATA[]]>
    </line>
    <line>
      <![CDATA[API - postRestRequest :: Data will be submitted as <POST>

: {"_id":"0d075a9de10848e4974f63f970d72338","status":"active"}]]>
    </line>
    <line>
      <![CDATA[ ]]>
    </line>
    <line>
      <![CDATA[API Request URL:  https://qa.idxapi.nbcuni.com/member/put?API_KEY=65432165432165432165432165432165&BRAND_ID=5876e8579c2f422e99b56d8d0567d346]]>
    </line>
    <line>
      <![CDATA[ ]]>
    </line>
    <line>
      <![CDATA[API - postRestRequest :: Response from Server after <POST>

{"_updated":"2014-09-26T21:28:46.746000","_created":"2014-09-26T21:28:06.419000","username":"test_20140926_172801_Updated","_id":"0d075a9de10848e4974f63f970d72338","status":"active"}]]>
    </line>
    <line>
      <![CDATA[~~~~~~~~~~~~~~~~~~~~~~~~~~~~~~~~~~~~~~~~~~~~~~~~~~~~~~~~~~~~~~~~~ MongoDB ~~~~~~~~~~~~~~~~~~~~~~~~~~~~~~~~~~~~~~~~~~~~~~~~~~~~~~~~~~~~~~~~~~~]]>
    </line>
    <line>
      <![CDATA[Validating Username updated in MongoDB]]>
    </line>
    <line>
      <![CDATA[]]>
    </line>
    <line>
      <![CDATA[MongoDB Query :  { "metadata.username.value" : "test_20140926_172801_Updated"}]]>
    </line>
    <line>
      <![CDATA[Got the MongoDB Response : { "_id" : "0d075a9de10848e4974f63f970d72338" , "metadata" : { "status" : [ { "value" : "active"} , { "value" : "banned"} , { "value" : "deleted"} , { "value" : "pending"} , { "value" : "active"}] , "username" : [ { "value" : "test_20140926_172801_Updated"} , { "value" : "test_20140926_172801"}] , "password" : [ { "value" : "$p5k2$2710$mE7E3I92$Hy1djFBgrVzAuDRuEmAzj3VUWVZrEbry"} , { "value" : "$p5k2$2710$lepmYYql$Tczyl3fBjjHsFe0v3A8vFzMjI1Ge+rj7"}]}}]]>
    </line>
    <line>
      <![CDATA[ ]]>
    </line>
    <line>
      <![CDATA[JSON Object: {"status":[{"value":"active"},{"value":"banned"},{"value":"deleted"},{"value":"pending"},{"value":"active"}],"username":[{"value":"test_20140926_172801_Updated"},{"value":"test_20140926_172801"}],"password":[{"value":"$p5k2$2710$mE7E3I92$Hy1djFBgrVzAuDRuEmAzj3VUWVZrEbry"},{"value":"$p5k2$2710$lepmYYql$Tczyl3fBjjHsFe0v3A8vFzMjI1Ge+rj7"}]}]]>
    </line>
    <line>
      <![CDATA[Total Count: 5]]>
    </line>
    <line>
      <![CDATA[Total in ArrayList: 5]]>
    </line>
    <line>
      <![CDATA[Latest status of this member is = {value=active}]]>
    </line>
    <line>
      <![CDATA[Passed : Status of Member = test_20140926_172801_Updated in MongoDB is 'active'.]]>
    </line>
    <line>
      <![CDATA[-- X --]]>
    </line>
    <line>
      <![CDATA[]]>
    </line>
    <line>
      <![CDATA[5) Updating status for member test_20140926_172801_Updated to 'invalid string value' using member.put API and 'status' field]]>
    </line>
    <line>
      <![CDATA[JSON Body for POST = {"_id":"0d075a9de10848e4974f63f970d72338","status":"xyz"}]]>
    </line>
    <line>
      <![CDATA[~~~~~~~~~~~~~~~~~~~~~~~~~~~~~~~~~~~~~~~~~~~~~~~~~~~~~~~~~~~~~~~~~ MEMBER.PUT ~~~~~~~~~~~~~~~~~~~~~~~~~~~~~~~~~~~~~~~~~~~~~~~~~~~~~~~~~~~~~~~~~]]>
    </line>
    <line>
      <![CDATA[Validating API call Response]]>
    </line>
    <line>
      <![CDATA[]]>
    </line>
    <line>
      <![CDATA[JSON Body for POST = {'_id':'0d075a9de10848e4974f63f970d72338','status':'xyz'}]]>
    </line>
    <line>
      <![CDATA[API - postRestRequest :: Data will be submitted as <POST>

: {"_id":"0d075a9de10848e4974f63f970d72338","status":"xyz"}]]>
    </line>
    <line>
      <![CDATA[ ]]>
    </line>
    <line>
      <![CDATA[API Request URL:  https://qa.idxapi.nbcuni.com/member/put?API_KEY=65432165432165432165432165432165&BRAND_ID=5876e8579c2f422e99b56d8d0567d346]]>
    </line>
    <line>
      <![CDATA[ ]]>
    </line>
    <line>
      <![CDATA[HTTP RESPONSE: 400]]>
    </line>
    <line>
      <![CDATA[RESPONSE BODY:  {"request-id":"eea3a1350dae40c3b995531fd2586924","error":"status must be one of: active, deleted, banned, pending"}]]>
    </line>
    <line>
      <![CDATA[Passed : member.put is not accepting invalid string value for 'status' field]]>
    </line>
    <line>
      <![CDATA[RallyTestResult :: Creating Test Results in Rally for Test Case (com.nbcuni.test.nbcidx.member.put.inputFields.TC5013_MemberPut_Status@115c6cb)]]>
    </line>
    <line>
      <![CDATA[RallyTestResult :: Rally Test Execution for Test Case (com.nbcuni.test.nbcidx.member.put.inputFields.TC5013_MemberPut_Status@115c6cb) updated in Rally.]]>
    </line>
    <line>
      <![CDATA[Setting Environment to: QA]]>
    </line>
    <line>
      <![CDATA[1) Creating Email-Id for member test_20140926_172801_Updated using member.put API and 'email' field]]>
    </line>
    <line>
      <![CDATA[~~~~~~~~~~~~~~~~~~~~~~~~~~~~~~~~~~~~~~~~~~~~~~~~~~~~~~~~~~~~~~~~~ MEMBER.PUT ~~~~~~~~~~~~~~~~~~~~~~~~~~~~~~~~~~~~~~~~~~~~~~~~~~~~~~~~~~~~~~~~~]]>
    </line>
    <line>
      <![CDATA[Validating API call Response]]>
    </line>
    <line>
      <![CDATA[]]>
    </line>
    <line>
      <![CDATA[API - postRestRequest :: Data will be submitted as <POST>

: {"_id":"0d075a9de10848e4974f63f970d72338","email":"test_20140926_172801@gmail.com"}]]>
    </line>
    <line>
      <![CDATA[ ]]>
    </line>
    <line>
      <![CDATA[API Request URL:  https://qa.idxapi.nbcuni.com/member/put?API_KEY=65432165432165432165432165432165&BRAND_ID=5876e8579c2f422e99b56d8d0567d346]]>
    </line>
    <line>
      <![CDATA[ ]]>
    </line>
    <line>
      <![CDATA[API - postRestRequest :: Response from Server after <POST>

{"_updated":"2014-09-26T21:29:01.130000","username":"test_20140926_172801_Updated","status":"active","_created":"2014-09-26T21:28:06.419000","_id":"0d075a9de10848e4974f63f970d72338","email":[{"verified":false,"primary":true,"address":"test_20140926_172801@gmail.com"}]}]]>
    </line>
    <line>
      <![CDATA[~~~~~~~~~~~~~~~~~~~~~~~~~~~~~~~~~~~~~~~~~~~~~~~~~~~~~~~~~~~~~~~~~ MongoDB ~~~~~~~~~~~~~~~~~~~~~~~~~~~~~~~~~~~~~~~~~~~~~~~~~~~~~~~~~~~~~~~~~~~]]>
    </line>
    <line>
      <![CDATA[Validating Email of Member in MongoDB]]>
    </line>
    <line>
      <![CDATA[]]>
    </line>
    <line>
      <![CDATA[MongoDB Query :  { "_id" : "0d075a9de10848e4974f63f970d72338" , "metadata.email.value.address" : "test_20140926_172801@gmail.com"}]]>
    </line>
    <line>
      <![CDATA[Got the MongoDB Response : { "_id" : "0d075a9de10848e4974f63f970d72338" , "metadata" : { "status" : [ { "value" : "active"} , { "value" : "banned"} , { "value" : "deleted"} , { "value" : "pending"} , { "value" : "active"}] , "username" : [ { "value" : "test_20140926_172801_Updated"} , { "value" : "test_20140926_172801"}] , "password" : [ { "value" : "$p5k2$2710$mE7E3I92$Hy1djFBgrVzAuDRuEmAzj3VUWVZrEbry"} , { "value" : "$p5k2$2710$lepmYYql$Tczyl3fBjjHsFe0v3A8vFzMjI1Ge+rj7"}] , "email" : [ { "value" : [ { "address" : "test_20140926_172801@gmail.com"}]}]}}]]>
    </line>
    <line>
      <![CDATA[ ]]>
    </line>
    <line>
      <![CDATA[JSON Object: {"status":[{"value":"active"},{"value":"banned"},{"value":"deleted"},{"value":"pending"},{"value":"active"}],"username":[{"value":"test_20140926_172801_Updated"},{"value":"test_20140926_172801"}],"password":[{"value":"$p5k2$2710$mE7E3I92$Hy1djFBgrVzAuDRuEmAzj3VUWVZrEbry"},{"value":"$p5k2$2710$lepmYYql$Tczyl3fBjjHsFe0v3A8vFzMjI1Ge+rj7"}],"email":[{"value":[{"address":"test_20140926_172801@gmail.com"}]}]}]]>
    </line>
    <line>
      <![CDATA[Total Count: 1]]>
    </line>
    <line>
      <![CDATA[Total in ArrayList: 1]]>
    </line>
    <line>
      <![CDATA[Latest Email-Id of this member is = {value=[{address:test_20140926_172801@gmail.com}]}]]>
    </line>
    <line>
      <![CDATA[Passed : Email-Id created for Member = test_20140926_172801_Updated in MongoDB with value email = test_20140926_172801@gmail.com]]>
    </line>
    <line>
      <![CDATA[-- X --]]>
    </line>
    <line>
      <![CDATA[]]>
    </line>
    <line>
      <![CDATA[2) Updating Email-Id for member test_20140926_172801_Updated using member.put API and 'email' field]]>
    </line>
    <line>
      <![CDATA[~~~~~~~~~~~~~~~~~~~~~~~~~~~~~~~~~~~~~~~~~~~~~~~~~~~~~~~~~~~~~~~~~ MEMBER.PUT ~~~~~~~~~~~~~~~~~~~~~~~~~~~~~~~~~~~~~~~~~~~~~~~~~~~~~~~~~~~~~~~~~]]>
    </line>
    <line>
      <![CDATA[Validating API call Response]]>
    </line>
    <line>
      <![CDATA[]]>
    </line>
    <line>
      <![CDATA[API - postRestRequest :: Data will be submitted as <POST>

: {"_id":"0d075a9de10848e4974f63f970d72338","email":"test_20140926_172801_Updated@gmail.com"}]]>
    </line>
    <line>
      <![CDATA[ ]]>
    </line>
    <line>
      <![CDATA[API Request URL:  https://qa.idxapi.nbcuni.com/member/put?API_KEY=65432165432165432165432165432165&BRAND_ID=5876e8579c2f422e99b56d8d0567d346]]>
    </line>
    <line>
      <![CDATA[ ]]>
    </line>
    <line>
      <![CDATA[API - postRestRequest :: Response from Server after <POST>

{"_updated":"2014-09-26T21:29:03.513000","username":"test_20140926_172801_Updated","status":"active","_created":"2014-09-26T21:28:06.419000","_id":"0d075a9de10848e4974f63f970d72338","email":[{"verified":false,"primary":true,"address":"test_20140926_172801_Updated@gmail.com"}]}]]>
    </line>
    <line>
      <![CDATA[~~~~~~~~~~~~~~~~~~~~~~~~~~~~~~~~~~~~~~~~~~~~~~~~~~~~~~~~~~~~~~~~~ MongoDB ~~~~~~~~~~~~~~~~~~~~~~~~~~~~~~~~~~~~~~~~~~~~~~~~~~~~~~~~~~~~~~~~~~~]]>
    </line>
    <line>
      <![CDATA[Validating Email-Id updated in MongoDB]]>
    </line>
    <line>
      <![CDATA[]]>
    </line>
    <line>
      <![CDATA[MongoDB Query :  { "_id" : "0d075a9de10848e4974f63f970d72338" , "metadata.email.value.address" : "test_20140926_172801_Updated@gmail.com"}]]>
    </line>
    <line>
      <![CDATA[Got the MongoDB Response : { "_id" : "0d075a9de10848e4974f63f970d72338" , "metadata" : { "status" : [ { "value" : "active"} , { "value" : "banned"} , { "value" : "deleted"} , { "value" : "pending"} , { "value" : "active"}] , "username" : [ { "value" : "test_20140926_172801_Updated"} , { "value" : "test_20140926_172801"}] , "password" : [ { "value" : "$p5k2$2710$mE7E3I92$Hy1djFBgrVzAuDRuEmAzj3VUWVZrEbry"} , { "value" : "$p5k2$2710$lepmYYql$Tczyl3fBjjHsFe0v3A8vFzMjI1Ge+rj7"}] , "email" : [ { "value" : [ { "address" : "test_20140926_172801_Updated@gmail.com"}]} , { "value" : [ { "address" : "test_20140926_172801@gmail.com"}]}]}}]]>
    </line>
    <line>
      <![CDATA[ ]]>
    </line>
    <line>
      <![CDATA[JSON Object: {"status":[{"value":"active"},{"value":"banned"},{"value":"deleted"},{"value":"pending"},{"value":"active"}],"username":[{"value":"test_20140926_172801_Updated"},{"value":"test_20140926_172801"}],"password":[{"value":"$p5k2$2710$mE7E3I92$Hy1djFBgrVzAuDRuEmAzj3VUWVZrEbry"},{"value":"$p5k2$2710$lepmYYql$Tczyl3fBjjHsFe0v3A8vFzMjI1Ge+rj7"}],"email":[{"value":[{"address":"test_20140926_172801_Updated@gmail.com"}]},{"value":[{"address":"test_20140926_172801@gmail.com"}]}]}]]>
    </line>
    <line>
      <![CDATA[Total Count: 2]]>
    </line>
    <line>
      <![CDATA[Total in ArrayList: 2]]>
    </line>
    <line>
      <![CDATA[Latest Email-Id of this member is = {value=[{address:test_20140926_172801_Updated@gmail.com}]}]]>
    </line>
    <line>
      <![CDATA[Passed : Email-Id updated for Member = test_20140926_172801_Updated in MongoDB with value email = test_20140926_172801_Updated@gmail.com]]>
    </line>
    <line>
      <![CDATA[-- X --]]>
    </line>
    <line>
      <![CDATA[]]>
    </line>
    <line>
      <![CDATA[3) Updating Email-Id for member test_20140926_172801_Updated for 'verified' and 'primary' fields using member.put API and 'email' field]]>
    </line>
    <line>
      <![CDATA[~~~~~~~~~~~~~~~~~~~~~~~~~~~~~~~~~~~~~~~~~~~~~~~~~~~~~~~~~~~~~~~~~ MEMBER.PUT ~~~~~~~~~~~~~~~~~~~~~~~~~~~~~~~~~~~~~~~~~~~~~~~~~~~~~~~~~~~~~~~~~]]>
    </line>
    <line>
      <![CDATA[Validating API call Response]]>
    </line>
    <line>
      <![CDATA[]]>
    </line>
    <line>
      <![CDATA[API - postRestRequest :: Data will be submitted as <POST>

: {"_id":"0d075a9de10848e4974f63f970d72338","email": [{"verified": true,"primary": true,"address": "test_20140926_172801_Updated_One@gmail.com"}]}]]>
    </line>
    <line>
      <![CDATA[ ]]>
    </line>
    <line>
      <![CDATA[API Request URL:  https://qa.idxapi.nbcuni.com/member/put?API_KEY=65432165432165432165432165432165&BRAND_ID=5876e8579c2f422e99b56d8d0567d346]]>
    </line>
    <line>
      <![CDATA[ ]]>
    </line>
    <line>
      <![CDATA[API - postRestRequest :: Response from Server after <POST>

{"_updated":"2014-09-26T21:29:05.620000","username":"test_20140926_172801_Updated","status":"active","_created":"2014-09-26T21:28:06.419000","_id":"0d075a9de10848e4974f63f970d72338","email":[{"verified":true,"primary":true,"address":"test_20140926_172801_Updated_One@gmail.com"}]}]]>
    </line>
    <line>
      <![CDATA[~~~~~~~~~~~~~~~~~~~~~~~~~~~~~~~~~~~~~~~~~~~~~~~~~~~~~~~~~~~~~~~~~ MongoDB ~~~~~~~~~~~~~~~~~~~~~~~~~~~~~~~~~~~~~~~~~~~~~~~~~~~~~~~~~~~~~~~~~~~]]>
    </line>
    <line>
      <![CDATA[Validating Email-Id updated in MongoDB]]>
    </line>
    <line>
      <![CDATA[]]>
    </line>
    <line>
      <![CDATA[MongoDB Query :  { "_id" : "0d075a9de10848e4974f63f970d72338" , "metadata.email.value.address" : "test_20140926_172801_Updated_One@gmail.com"}]]>
    </line>
    <line>
      <![CDATA[Got the MongoDB Response : { "_id" : "0d075a9de10848e4974f63f970d72338" , "metadata" : { "status" : [ { "value" : "active"} , { "value" : "banned"} , { "value" : "deleted"} , { "value" : "pending"} , { "value" : "active"}] , "username" : [ { "value" : "test_20140926_172801_Updated"} , { "value" : "test_20140926_172801"}] , "password" : [ { "value" : "$p5k2$2710$mE7E3I92$Hy1djFBgrVzAuDRuEmAzj3VUWVZrEbry"} , { "value" : "$p5k2$2710$lepmYYql$Tczyl3fBjjHsFe0v3A8vFzMjI1Ge+rj7"}] , "email" : [ { "value" : [ { "address" : "test_20140926_172801_Updated_One@gmail.com"}]} , { "value" : [ { "address" : "test_20140926_172801_Updated@gmail.com"}]} , { "value" : [ { "address" : "test_20140926_172801@gmail.com"}]}]}}]]>
    </line>
    <line>
      <![CDATA[ ]]>
    </line>
    <line>
      <![CDATA[JSON Object: {"status":[{"value":"active"},{"value":"banned"},{"value":"deleted"},{"value":"pending"},{"value":"active"}],"username":[{"value":"test_20140926_172801_Updated"},{"value":"test_20140926_172801"}],"password":[{"value":"$p5k2$2710$mE7E3I92$Hy1djFBgrVzAuDRuEmAzj3VUWVZrEbry"},{"value":"$p5k2$2710$lepmYYql$Tczyl3fBjjHsFe0v3A8vFzMjI1Ge+rj7"}],"email":[{"value":[{"address":"test_20140926_172801_Updated_One@gmail.com"}]},{"value":[{"address":"test_20140926_172801_Updated@gmail.com"}]},{"value":[{"address":"test_20140926_172801@gmail.com"}]}]}]]>
    </line>
    <line>
      <![CDATA[Total Count: 3]]>
    </line>
    <line>
      <![CDATA[Total in ArrayList: 3]]>
    </line>
    <line>
      <![CDATA[Latest Email-Id of this member is = {value=[{address:test_20140926_172801_Updated_One@gmail.com}]}]]>
    </line>
    <line>
      <![CDATA[Passed : Email-Id updated for Member = test_20140926_172801_Updated in MongoDB with value email = test_20140926_172801_Updated_One@gmail.com, 'verified': true and 'primary': true]]>
    </line>
    <line>
      <![CDATA[-- X --]]>
    </line>
    <line>
      <![CDATA[]]>
    </line>
    <line>
      <![CDATA[4) Updating Email-Id for member test_20140926_172801_Updated with 2 Email-Ids and for 'verified' and 'primary' fields using member.put API and 'email' field]]>
    </line>
    <line>
      <![CDATA[~~~~~~~~~~~~~~~~~~~~~~~~~~~~~~~~~~~~~~~~~~~~~~~~~~~~~~~~~~~~~~~~~ MEMBER.PUT ~~~~~~~~~~~~~~~~~~~~~~~~~~~~~~~~~~~~~~~~~~~~~~~~~~~~~~~~~~~~~~~~~]]>
    </line>
    <line>
      <![CDATA[Validating API call Response]]>
    </line>
    <line>
      <![CDATA[]]>
    </line>
    <line>
      <![CDATA[API - postRestRequest :: Data will be submitted as <POST>

: {"_id":"0d075a9de10848e4974f63f970d72338","email": [{"verified": true,"primary": true,"address": "test_20140926_172801_Updated_Three@gmail.com"},{"verified": false,"primary": false,"address": "test_20140926_172801_Updated_Two@gmail.com"}]}]]>
    </line>
    <line>
      <![CDATA[ ]]>
    </line>
    <line>
      <![CDATA[API Request URL:  https://qa.idxapi.nbcuni.com/member/put?API_KEY=65432165432165432165432165432165&BRAND_ID=5876e8579c2f422e99b56d8d0567d346]]>
    </line>
    <line>
      <![CDATA[ ]]>
    </line>
    <line>
      <![CDATA[API - postRestRequest :: Response from Server after <POST>

{"_updated":"2014-09-26T21:29:06.888000","username":"test_20140926_172801_Updated","status":"active","_created":"2014-09-26T21:28:06.419000","_id":"0d075a9de10848e4974f63f970d72338","email":[{"verified":true,"primary":true,"address":"test_20140926_172801_Updated_Three@gmail.com"},{"verified":false,"primary":false,"address":"test_20140926_172801_Updated_Two@gmail.com"}]}]]>
    </line>
    <line>
      <![CDATA[~~~~~~~~~~~~~~~~~~~~~~~~~~~~~~~~~~~~~~~~~~~~~~~~~~~~~~~~~~~~~~~~~ MongoDB ~~~~~~~~~~~~~~~~~~~~~~~~~~~~~~~~~~~~~~~~~~~~~~~~~~~~~~~~~~~~~~~~~~~]]>
    </line>
    <line>
      <![CDATA[Validating Email-Id updated in MongoDB]]>
    </line>
    <line>
      <![CDATA[]]>
    </line>
    <line>
      <![CDATA[MongoDB Query :  { "_id" : "0d075a9de10848e4974f63f970d72338" , "metadata.email.value.address" : "test_20140926_172801_Updated_Three@gmail.com"}]]>
    </line>
    <line>
      <![CDATA[Got the MongoDB Response : { "_id" : "0d075a9de10848e4974f63f970d72338" , "metadata" : { "status" : [ { "value" : "active"} , { "value" : "banned"} , { "value" : "deleted"} , { "value" : "pending"} , { "value" : "active"}] , "username" : [ { "value" : "test_20140926_172801_Updated"} , { "value" : "test_20140926_172801"}] , "password" : [ { "value" : "$p5k2$2710$mE7E3I92$Hy1djFBgrVzAuDRuEmAzj3VUWVZrEbry"} , { "value" : "$p5k2$2710$lepmYYql$Tczyl3fBjjHsFe0v3A8vFzMjI1Ge+rj7"}] , "email" : [ { "value" : [ { "address" : "test_20140926_172801_Updated_Three@gmail.com"} , { "address" : "test_20140926_172801_Updated_Two@gmail.com"}]} , { "value" : [ { "address" : "test_20140926_172801_Updated_One@gmail.com"}]} , { "value" : [ { "address" : "test_20140926_172801_Updated@gmail.com"}]} , { "value" : [ { "address" : "test_20140926_172801@gmail.com"}]}]}}]]>
    </line>
    <line>
      <![CDATA[ ]]>
    </line>
    <line>
      <![CDATA[JSON Object: {"status":[{"value":"active"},{"value":"banned"},{"value":"deleted"},{"value":"pending"},{"value":"active"}],"username":[{"value":"test_20140926_172801_Updated"},{"value":"test_20140926_172801"}],"password":[{"value":"$p5k2$2710$mE7E3I92$Hy1djFBgrVzAuDRuEmAzj3VUWVZrEbry"},{"value":"$p5k2$2710$lepmYYql$Tczyl3fBjjHsFe0v3A8vFzMjI1Ge+rj7"}],"email":[{"value":[{"address":"test_20140926_172801_Updated_Three@gmail.com"},{"address":"test_20140926_172801_Updated_Two@gmail.com"}]},{"value":[{"address":"test_20140926_172801_Updated_One@gmail.com"}]},{"value":[{"address":"test_20140926_172801_Updated@gmail.com"}]},{"value":[{"address":"test_20140926_172801@gmail.com"}]}]}]]>
    </line>
    <line>
      <![CDATA[Total Count: 4]]>
    </line>
    <line>
      <![CDATA[Total in ArrayList: 4]]>
    </line>
    <line>
      <![CDATA[Passed : Email-Id updated for Member = test_20140926_172801_Updated in MongoDB with 2 values Email-Id1 = test_20140926_172801_Updated_Three@gmail.com, Email-Id2 = test_20140926_172801_Updated_Two@gmail.com]]>
    </line>
    <line>
      <![CDATA[-- X --]]>
    </line>
    <line>
      <![CDATA[]]>
    </line>
    <line>
      <![CDATA[5) Updating Email-Id for member test_20140926_172801_Updated to 'invalid format of Email-Id' using member.put API and 'email' field]]>
    </line>
    <line>
      <![CDATA[]]>
    </line>
    <line>
      <![CDATA[~~~~~~~~~~~~~~~~~~~~~~~~~~~~~~~~~~~~~~~~~~~~~~~~~~~~~~~~~~~~~~~~~ MEMBER.PUT ~~~~~~~~~~~~~~~~~~~~~~~~~~~~~~~~~~~~~~~~~~~~~~~~~~~~~~~~~~~~~~~~~]]>
    </line>
    <line>
      <![CDATA[Validating API call Response]]>
    </line>
    <line>
      <![CDATA[]]>
    </line>
    <line>
      <![CDATA[JSON Body for POST = {'_id':'0d075a9de10848e4974f63f970d72338','email':'xyz@gmail'}]]>
    </line>
    <line>
      <![CDATA[API - postRestRequest :: Data will be submitted as <POST>

: {"_id":"0d075a9de10848e4974f63f970d72338","email":"xyz@gmail"}]]>
    </line>
    <line>
      <![CDATA[ ]]>
    </line>
    <line>
      <![CDATA[API Request URL:  https://qa.idxapi.nbcuni.com/member/put?API_KEY=65432165432165432165432165432165&BRAND_ID=5876e8579c2f422e99b56d8d0567d346]]>
    </line>
    <line>
      <![CDATA[ ]]>
    </line>
    <line>
      <![CDATA[HTTP RESPONSE: 400]]>
    </line>
    <line>
      <![CDATA[RESPONSE BODY:  {"request-id":"94bb005bf16d40caa4bb20ca582ec4e3","error":"email element 0 has an invalid email address"}]]>
    </line>
    <line>
      <![CDATA[Passed : member.put is not accepting invalid format for 'email' field]]>
    </line>
    <line>
      <![CDATA[-- X --]]>
    </line>
    <line>
      <![CDATA[]]>
    </line>
    <line>
      <![CDATA[6) Updating Email-Id for member test_20140926_172801_Updated to 'invalid format of Email-Id without @ ' using member.put API and 'email' field]]>
    </line>
    <line>
      <![CDATA[]]>
    </line>
    <line>
      <![CDATA[~~~~~~~~~~~~~~~~~~~~~~~~~~~~~~~~~~~~~~~~~~~~~~~~~~~~~~~~~~~~~~~~~ MEMBER.PUT ~~~~~~~~~~~~~~~~~~~~~~~~~~~~~~~~~~~~~~~~~~~~~~~~~~~~~~~~~~~~~~~~~]]>
    </line>
    <line>
      <![CDATA[Validating API call Response]]>
    </line>
    <line>
      <![CDATA[]]>
    </line>
    <line>
      <![CDATA[JSON Body for POST = {'_id':'0d075a9de10848e4974f63f970d72338','email':'xyzgmail.com'}]]>
    </line>
    <line>
      <![CDATA[API - postRestRequest :: Data will be submitted as <POST>

: {"_id":"0d075a9de10848e4974f63f970d72338","email":"xyzgmail.com"}]]>
    </line>
    <line>
      <![CDATA[ ]]>
    </line>
    <line>
      <![CDATA[API Request URL:  https://qa.idxapi.nbcuni.com/member/put?API_KEY=65432165432165432165432165432165&BRAND_ID=5876e8579c2f422e99b56d8d0567d346]]>
    </line>
    <line>
      <![CDATA[ ]]>
    </line>
    <line>
      <![CDATA[HTTP RESPONSE: 400]]>
    </line>
    <line>
      <![CDATA[RESPONSE BODY:  {"request-id":"3e293f4993824c7898e7173ba4109942","error":"email element 0 has an invalid email address"}]]>
    </line>
    <line>
      <![CDATA[Passed : member.put is not accepting invalid format for 'email' field]]>
    </line>
    <line>
      <![CDATA[-- X --]]>
    </line>
    <line>
      <![CDATA[-- X --]]>
    </line>
    <line>
      <![CDATA[]]>
    </line>
    <line>
      <![CDATA[RallyTestResult :: Creating Test Results in Rally for Test Case (com.nbcuni.test.nbcidx.member.put.inputFields.TC5015_MemberPut_Email@a866a9)]]>
    </line>
    <line>
      <![CDATA[RallyTestResult :: Rally Test Execution for Test Case (com.nbcuni.test.nbcidx.member.put.inputFields.TC5015_MemberPut_Email@a866a9) updated in Rally.]]>
    </line>
    <line>
      <![CDATA[Setting Environment to: QA]]>
    </line>
    <line>
      <![CDATA[1) Creating Gender field for member test_20140926_172801_Updated with value = 'f' using member.put API and 'gender' field]]>
    </line>
    <line>
      <![CDATA[~~~~~~~~~~~~~~~~~~~~~~~~~~~~~~~~~~~~~~~~~~~~~~~~~~~~~~~~~~~~~~~~~ MEMBER.PUT ~~~~~~~~~~~~~~~~~~~~~~~~~~~~~~~~~~~~~~~~~~~~~~~~~~~~~~~~~~~~~~~~~]]>
    </line>
    <line>
      <![CDATA[Validating API call Response]]>
    </line>
    <line>
      <![CDATA[]]>
    </line>
    <line>
      <![CDATA[API - postRestRequest :: Data will be submitted as <POST>

: {"_id":"0d075a9de10848e4974f63f970d72338","gender":"f"}]]>
    </line>
    <line>
      <![CDATA[ ]]>
    </line>
    <line>
      <![CDATA[API Request URL:  https://qa.idxapi.nbcuni.com/member/put?API_KEY=65432165432165432165432165432165&BRAND_ID=5876e8579c2f422e99b56d8d0567d346]]>
    </line>
    <line>
      <![CDATA[ ]]>
    </line>
    <line>
      <![CDATA[API - postRestRequest :: Response from Server after <POST>

{"_updated":"2014-09-26T21:29:16.468000","username":"test_20140926_172801_Updated","status":"active","gender":"f","_created":"2014-09-26T21:28:06.419000","_id":"0d075a9de10848e4974f63f970d72338","email":[{"verified":true,"primary":true,"address":"test_20140926_172801_Updated_Three@gmail.com"},{"verified":false,"primary":false,"address":"test_20140926_172801_Updated_Two@gmail.com"}]}]]>
    </line>
    <line>
      <![CDATA[~~~~~~~~~~~~~~~~~~~~~~~~~~~~~~~~~~~~~~~~~~~~~~~~~~~~~~~~~~~~~~~~~ MongoDB ~~~~~~~~~~~~~~~~~~~~~~~~~~~~~~~~~~~~~~~~~~~~~~~~~~~~~~~~~~~~~~~~~~~]]>
    </line>
    <line>
      <![CDATA[Validating Gender of Member in MongoDB]]>
    </line>
    <line>
      <![CDATA[]]>
    </line>
    <line>
      <![CDATA[MongoDB Query :  { "_id" : "0d075a9de10848e4974f63f970d72338"}]]>
    </line>
    <line>
      <![CDATA[Got the MongoDB Response : { "_id" : "0d075a9de10848e4974f63f970d72338" , "metadata" : { "status" : [ { "value" : "active"} , { "value" : "banned"} , { "value" : "deleted"} , { "value" : "pending"} , { "value" : "active"}] , "username" : [ { "value" : "test_20140926_172801_Updated"} , { "value" : "test_20140926_172801"}] , "password" : [ { "value" : "$p5k2$2710$mE7E3I92$Hy1djFBgrVzAuDRuEmAzj3VUWVZrEbry"} , { "value" : "$p5k2$2710$lepmYYql$Tczyl3fBjjHsFe0v3A8vFzMjI1Ge+rj7"}] , "email" : [ { "value" : [ { "address" : "test_20140926_172801_Updated_Three@gmail.com"} , { "address" : "test_20140926_172801_Updated_Two@gmail.com"}]} , { "value" : [ { "address" : "test_20140926_172801_Updated_One@gmail.com"}]} , { "value" : [ { "address" : "test_20140926_172801_Updated@gmail.com"}]} , { "value" : [ { "address" : "test_20140926_172801@gmail.com"}]}] , "gender" : [ { "value" : "f"}]}}]]>
    </line>
    <line>
      <![CDATA[ ]]>
    </line>
    <line>
      <![CDATA[JSON Object: {"status":[{"value":"active"},{"value":"banned"},{"value":"deleted"},{"value":"pending"},{"value":"active"}],"username":[{"value":"test_20140926_172801_Updated"},{"value":"test_20140926_172801"}],"password":[{"value":"$p5k2$2710$mE7E3I92$Hy1djFBgrVzAuDRuEmAzj3VUWVZrEbry"},{"value":"$p5k2$2710$lepmYYql$Tczyl3fBjjHsFe0v3A8vFzMjI1Ge+rj7"}],"email":[{"value":[{"address":"test_20140926_172801_Updated_Three@gmail.com"},{"address":"test_20140926_172801_Updated_Two@gmail.com"}]},{"value":[{"address":"test_20140926_172801_Updated_One@gmail.com"}]},{"value":[{"address":"test_20140926_172801_Updated@gmail.com"}]},{"value":[{"address":"test_20140926_172801@gmail.com"}]}],"gender":[{"value":"f"}]}]]>
    </line>
    <line>
      <![CDATA[Total Count: 1]]>
    </line>
    <line>
      <![CDATA[Total in ArrayList: 1]]>
    </line>
    <line>
      <![CDATA[Latest value for Gender of this member is = {value=f}]]>
    </line>
    <line>
      <![CDATA[Passed : Gender field created for Member = test_20140926_172801_Updated in MongoDB with value Gender = f]]>
    </line>
    <line>
      <![CDATA[-- X --]]>
    </line>
    <line>
      <![CDATA[]]>
    </line>
    <line>
      <![CDATA[2) Updating Gender for member test_20140926_172801_Updated to value = 'd' using member.put API and 'email' field]]>
    </line>
    <line>
      <![CDATA[~~~~~~~~~~~~~~~~~~~~~~~~~~~~~~~~~~~~~~~~~~~~~~~~~~~~~~~~~~~~~~~~~ MEMBER.PUT ~~~~~~~~~~~~~~~~~~~~~~~~~~~~~~~~~~~~~~~~~~~~~~~~~~~~~~~~~~~~~~~~~]]>
    </line>
    <line>
      <![CDATA[Validating API call Response]]>
    </line>
    <line>
      <![CDATA[]]>
    </line>
    <line>
      <![CDATA[API - postRestRequest :: Data will be submitted as <POST>

: {"_id":"0d075a9de10848e4974f63f970d72338","gender":"d"}]]>
    </line>
    <line>
      <![CDATA[ ]]>
    </line>
    <line>
      <![CDATA[API Request URL:  https://qa.idxapi.nbcuni.com/member/put?API_KEY=65432165432165432165432165432165&BRAND_ID=5876e8579c2f422e99b56d8d0567d346]]>
    </line>
    <line>
      <![CDATA[ ]]>
    </line>
    <line>
      <![CDATA[API - postRestRequest :: Response from Server after <POST>

{"_updated":"2014-09-26T21:29:19.654000","username":"test_20140926_172801_Updated","status":"active","gender":"d","_created":"2014-09-26T21:28:06.419000","_id":"0d075a9de10848e4974f63f970d72338","email":[{"verified":true,"primary":true,"address":"test_20140926_172801_Updated_Three@gmail.com"},{"verified":false,"primary":false,"address":"test_20140926_172801_Updated_Two@gmail.com"}]}]]>
    </line>
    <line>
      <![CDATA[~~~~~~~~~~~~~~~~~~~~~~~~~~~~~~~~~~~~~~~~~~~~~~~~~~~~~~~~~~~~~~~~~ MongoDB ~~~~~~~~~~~~~~~~~~~~~~~~~~~~~~~~~~~~~~~~~~~~~~~~~~~~~~~~~~~~~~~~~~~]]>
    </line>
    <line>
      <![CDATA[Validating Gender of Member in MongoDB]]>
    </line>
    <line>
      <![CDATA[]]>
    </line>
    <line>
      <![CDATA[MongoDB Query :  { "_id" : "0d075a9de10848e4974f63f970d72338"}]]>
    </line>
    <line>
      <![CDATA[Got the MongoDB Response : { "_id" : "0d075a9de10848e4974f63f970d72338" , "metadata" : { "status" : [ { "value" : "active"} , { "value" : "banned"} , { "value" : "deleted"} , { "value" : "pending"} , { "value" : "active"}] , "username" : [ { "value" : "test_20140926_172801_Updated"} , { "value" : "test_20140926_172801"}] , "password" : [ { "value" : "$p5k2$2710$mE7E3I92$Hy1djFBgrVzAuDRuEmAzj3VUWVZrEbry"} , { "value" : "$p5k2$2710$lepmYYql$Tczyl3fBjjHsFe0v3A8vFzMjI1Ge+rj7"}] , "email" : [ { "value" : [ { "address" : "test_20140926_172801_Updated_Three@gmail.com"} , { "address" : "test_20140926_172801_Updated_Two@gmail.com"}]} , { "value" : [ { "address" : "test_20140926_172801_Updated_One@gmail.com"}]} , { "value" : [ { "address" : "test_20140926_172801_Updated@gmail.com"}]} , { "value" : [ { "address" : "test_20140926_172801@gmail.com"}]}] , "gender" : [ { "value" : "d"} , { "value" : "f"}]}}]]>
    </line>
    <line>
      <![CDATA[ ]]>
    </line>
    <line>
      <![CDATA[JSON Object: {"status":[{"value":"active"},{"value":"banned"},{"value":"deleted"},{"value":"pending"},{"value":"active"}],"username":[{"value":"test_20140926_172801_Updated"},{"value":"test_20140926_172801"}],"password":[{"value":"$p5k2$2710$mE7E3I92$Hy1djFBgrVzAuDRuEmAzj3VUWVZrEbry"},{"value":"$p5k2$2710$lepmYYql$Tczyl3fBjjHsFe0v3A8vFzMjI1Ge+rj7"}],"email":[{"value":[{"address":"test_20140926_172801_Updated_Three@gmail.com"},{"address":"test_20140926_172801_Updated_Two@gmail.com"}]},{"value":[{"address":"test_20140926_172801_Updated_One@gmail.com"}]},{"value":[{"address":"test_20140926_172801_Updated@gmail.com"}]},{"value":[{"address":"test_20140926_172801@gmail.com"}]}],"gender":[{"value":"d"},{"value":"f"}]}]]>
    </line>
    <line>
      <![CDATA[Total Count: 2]]>
    </line>
    <line>
      <![CDATA[Total in ArrayList: 2]]>
    </line>
    <line>
      <![CDATA[Latest value for Gender of this member is = {value=d}]]>
    </line>
    <line>
      <![CDATA[Passed : Gender field created for Member = test_20140926_172801_Updated in MongoDB with value Gender = d]]>
    </line>
    <line>
      <![CDATA[-- X --]]>
    </line>
    <line>
      <![CDATA[]]>
    </line>
    <line>
      <![CDATA[3) Updating Gender for member test_20140926_172801_Updated to value = 'm' using member.put API and 'email' field]]>
    </line>
    <line>
      <![CDATA[~~~~~~~~~~~~~~~~~~~~~~~~~~~~~~~~~~~~~~~~~~~~~~~~~~~~~~~~~~~~~~~~~ MEMBER.PUT ~~~~~~~~~~~~~~~~~~~~~~~~~~~~~~~~~~~~~~~~~~~~~~~~~~~~~~~~~~~~~~~~~]]>
    </line>
    <line>
      <![CDATA[Validating API call Response]]>
    </line>
    <line>
      <![CDATA[]]>
    </line>
    <line>
      <![CDATA[API - postRestRequest :: Data will be submitted as <POST>

: {"_id":"0d075a9de10848e4974f63f970d72338","gender":"m"}]]>
    </line>
    <line>
      <![CDATA[ ]]>
    </line>
    <line>
      <![CDATA[API Request URL:  https://qa.idxapi.nbcuni.com/member/put?API_KEY=65432165432165432165432165432165&BRAND_ID=5876e8579c2f422e99b56d8d0567d346]]>
    </line>
    <line>
      <![CDATA[ ]]>
    </line>
    <line>
      <![CDATA[API - postRestRequest :: Response from Server after <POST>

{"_updated":"2014-09-26T21:29:22.031000","username":"test_20140926_172801_Updated","status":"active","gender":"m","_created":"2014-09-26T21:28:06.419000","_id":"0d075a9de10848e4974f63f970d72338","email":[{"verified":true,"primary":true,"address":"test_20140926_172801_Updated_Three@gmail.com"},{"verified":false,"primary":false,"address":"test_20140926_172801_Updated_Two@gmail.com"}]}]]>
    </line>
    <line>
      <![CDATA[~~~~~~~~~~~~~~~~~~~~~~~~~~~~~~~~~~~~~~~~~~~~~~~~~~~~~~~~~~~~~~~~~ MongoDB ~~~~~~~~~~~~~~~~~~~~~~~~~~~~~~~~~~~~~~~~~~~~~~~~~~~~~~~~~~~~~~~~~~~]]>
    </line>
    <line>
      <![CDATA[Validating Gender of Member in MongoDB]]>
    </line>
    <line>
      <![CDATA[]]>
    </line>
    <line>
      <![CDATA[MongoDB Query :  { "_id" : "0d075a9de10848e4974f63f970d72338"}]]>
    </line>
    <line>
      <![CDATA[Got the MongoDB Response : { "_id" : "0d075a9de10848e4974f63f970d72338" , "metadata" : { "status" : [ { "value" : "active"} , { "value" : "banned"} , { "value" : "deleted"} , { "value" : "pending"} , { "value" : "active"}] , "username" : [ { "value" : "test_20140926_172801_Updated"} , { "value" : "test_20140926_172801"}] , "password" : [ { "value" : "$p5k2$2710$mE7E3I92$Hy1djFBgrVzAuDRuEmAzj3VUWVZrEbry"} , { "value" : "$p5k2$2710$lepmYYql$Tczyl3fBjjHsFe0v3A8vFzMjI1Ge+rj7"}] , "email" : [ { "value" : [ { "address" : "test_20140926_172801_Updated_Three@gmail.com"} , { "address" : "test_20140926_172801_Updated_Two@gmail.com"}]} , { "value" : [ { "address" : "test_20140926_172801_Updated_One@gmail.com"}]} , { "value" : [ { "address" : "test_20140926_172801_Updated@gmail.com"}]} , { "value" : [ { "address" : "test_20140926_172801@gmail.com"}]}] , "gender" : [ { "value" : "m"} , { "value" : "d"} , { "value" : "f"}]}}]]>
    </line>
    <line>
      <![CDATA[ ]]>
    </line>
    <line>
      <![CDATA[JSON Object: {"status":[{"value":"active"},{"value":"banned"},{"value":"deleted"},{"value":"pending"},{"value":"active"}],"username":[{"value":"test_20140926_172801_Updated"},{"value":"test_20140926_172801"}],"password":[{"value":"$p5k2$2710$mE7E3I92$Hy1djFBgrVzAuDRuEmAzj3VUWVZrEbry"},{"value":"$p5k2$2710$lepmYYql$Tczyl3fBjjHsFe0v3A8vFzMjI1Ge+rj7"}],"email":[{"value":[{"address":"test_20140926_172801_Updated_Three@gmail.com"},{"address":"test_20140926_172801_Updated_Two@gmail.com"}]},{"value":[{"address":"test_20140926_172801_Updated_One@gmail.com"}]},{"value":[{"address":"test_20140926_172801_Updated@gmail.com"}]},{"value":[{"address":"test_20140926_172801@gmail.com"}]}],"gender":[{"value":"m"},{"value":"d"},{"value":"f"}]}]]>
    </line>
    <line>
      <![CDATA[Total Count: 3]]>
    </line>
    <line>
      <![CDATA[Total in ArrayList: 3]]>
    </line>
    <line>
      <![CDATA[Latest value for Gender of this member is = {value=m}]]>
    </line>
    <line>
      <![CDATA[Passed : Gender field created for Member = test_20140926_172801_Updated in MongoDB with value Gender = m]]>
    </line>
    <line>
      <![CDATA[-- X --]]>
    </line>
    <line>
      <![CDATA[]]>
    </line>
    <line>
      <![CDATA[4) Updating Gender for member test_20140926_172801_Updated to 'invalid Gender value' using member.put API and 'gender' field]]>
    </line>
    <line>
      <![CDATA[~~~~~~~~~~~~~~~~~~~~~~~~~~~~~~~~~~~~~~~~~~~~~~~~~~~~~~~~~~~~~~~~~ MEMBER.PUT ~~~~~~~~~~~~~~~~~~~~~~~~~~~~~~~~~~~~~~~~~~~~~~~~~~~~~~~~~~~~~~~~~]]>
    </line>
    <line>
      <![CDATA[Validating API call Response]]>
    </line>
    <line>
      <![CDATA[]]>
    </line>
    <line>
      <![CDATA[JSON Body for POST = {'_id':'0d075a9de10848e4974f63f970d72338','gender':1234}]]>
    </line>
    <line>
      <![CDATA[API - postRestRequest :: Data will be submitted as <POST>

: {"_id":"0d075a9de10848e4974f63f970d72338","gender":1234}]]>
    </line>
    <line>
      <![CDATA[ ]]>
    </line>
    <line>
      <![CDATA[API Request URL:  https://qa.idxapi.nbcuni.com/member/put?API_KEY=65432165432165432165432165432165&BRAND_ID=5876e8579c2f422e99b56d8d0567d346]]>
    </line>
    <line>
      <![CDATA[ ]]>
    </line>
    <line>
      <![CDATA[HTTP RESPONSE: 400]]>
    </line>
    <line>
      <![CDATA[RESPONSE BODY:  {"request-id":"cca6327484d940e085f1f899efd644b7","error":"gender must be one of: m, d, f"}]]>
    </line>
    <line>
      <![CDATA[Passed : member.put is not accepting invalid value for 'gender' field]]>
    </line>
    <line>
      <![CDATA[-- X --]]>
    </line>
    <line>
      <![CDATA[RallyTestResult :: Creating Test Results in Rally for Test Case (com.nbcuni.test.nbcidx.member.put.inputFields.TC5016_MemberPut_Gender@f4c9c4)]]>
    </line>
    <line>
      <![CDATA[RallyTestResult :: Rally Test Execution for Test Case (com.nbcuni.test.nbcidx.member.put.inputFields.TC5016_MemberPut_Gender@f4c9c4) updated in Rally.]]>
    </line>
    <line>
      <![CDATA[Setting Environment to: QA]]>
    </line>
    <line>
      <![CDATA[1) Creating Firstname field for member test_20140926_172801_Updated with value = _R-i/c,k-y= using member.put API and 'firstname' field]]>
    </line>
    <line>
      <![CDATA[~~~~~~~~~~~~~~~~~~~~~~~~~~~~~~~~~~~~~~~~~~~~~~~~~~~~~~~~~~~~~~~~~ MEMBER.PUT ~~~~~~~~~~~~~~~~~~~~~~~~~~~~~~~~~~~~~~~~~~~~~~~~~~~~~~~~~~~~~~~~~]]>
    </line>
    <line>
      <![CDATA[Validating API call Response]]>
    </line>
    <line>
      <![CDATA[]]>
    </line>
    <line>
      <![CDATA[API - postRestRequest :: Data will be submitted as <POST>

: {"_id":"0d075a9de10848e4974f63f970d72338","firstname":"_R-i/c,k-y="}]]>
    </line>
    <line>
      <![CDATA[ ]]>
    </line>
    <line>
      <![CDATA[API Request URL:  https://qa.idxapi.nbcuni.com/member/put?API_KEY=65432165432165432165432165432165&BRAND_ID=5876e8579c2f422e99b56d8d0567d346]]>
    </line>
    <line>
      <![CDATA[ ]]>
    </line>
    <line>
      <![CDATA[API - postRestRequest :: Response from Server after <POST>

{"_updated":"2014-09-26T21:29:28.424000","username":"test_20140926_172801_Updated","firstname":"_R-i/c,k-y=","gender":"m","status":"active","_created":"2014-09-26T21:28:06.419000","_id":"0d075a9de10848e4974f63f970d72338","email":[{"verified":true,"primary":true,"address":"test_20140926_172801_Updated_Three@gmail.com"},{"verified":false,"primary":false,"address":"test_20140926_172801_Updated_Two@gmail.com"}]}]]>
    </line>
    <line>
      <![CDATA[~~~~~~~~~~~~~~~~~~~~~~~~~~~~~~~~~~~~~~~~~~~~~~~~~~~~~~~~~~~~~~~~~ MongoDB ~~~~~~~~~~~~~~~~~~~~~~~~~~~~~~~~~~~~~~~~~~~~~~~~~~~~~~~~~~~~~~~~~~~]]>
    </line>
    <line>
      <![CDATA[Validating Firstname of Member in MongoDB]]>
    </line>
    <line>
      <![CDATA[]]>
    </line>
    <line>
      <![CDATA[MongoDB Query :  { "_id" : "0d075a9de10848e4974f63f970d72338"}]]>
    </line>
    <line>
      <![CDATA[Got the MongoDB Response : { "_id" : "0d075a9de10848e4974f63f970d72338" , "metadata" : { "status" : [ { "value" : "active"} , { "value" : "banned"} , { "value" : "deleted"} , { "value" : "pending"} , { "value" : "active"}] , "username" : [ { "value" : "test_20140926_172801_Updated"} , { "value" : "test_20140926_172801"}] , "firstname" : [ { "value" : "_R-i/c,k-y="}] , "gender" : [ { "value" : "m"} , { "value" : "d"} , { "value" : "f"}] , "password" : [ { "value" : "$p5k2$2710$mE7E3I92$Hy1djFBgrVzAuDRuEmAzj3VUWVZrEbry"} , { "value" : "$p5k2$2710$lepmYYql$Tczyl3fBjjHsFe0v3A8vFzMjI1Ge+rj7"}] , "email" : [ { "value" : [ { "address" : "test_20140926_172801_Updated_Three@gmail.com"} , { "address" : "test_20140926_172801_Updated_Two@gmail.com"}]} , { "value" : [ { "address" : "test_20140926_172801_Updated_One@gmail.com"}]} , { "value" : [ { "address" : "test_20140926_172801_Updated@gmail.com"}]} , { "value" : [ { "address" : "test_20140926_172801@gmail.com"}]}]}}]]>
    </line>
    <line>
      <![CDATA[ ]]>
    </line>
    <line>
      <![CDATA[JSON Object: {"status":[{"value":"active"},{"value":"banned"},{"value":"deleted"},{"value":"pending"},{"value":"active"}],"username":[{"value":"test_20140926_172801_Updated"},{"value":"test_20140926_172801"}],"firstname":[{"value":"_R-i/c,k-y="}],"gender":[{"value":"m"},{"value":"d"},{"value":"f"}],"password":[{"value":"$p5k2$2710$mE7E3I92$Hy1djFBgrVzAuDRuEmAzj3VUWVZrEbry"},{"value":"$p5k2$2710$lepmYYql$Tczyl3fBjjHsFe0v3A8vFzMjI1Ge+rj7"}],"email":[{"value":[{"address":"test_20140926_172801_Updated_Three@gmail.com"},{"address":"test_20140926_172801_Updated_Two@gmail.com"}]},{"value":[{"address":"test_20140926_172801_Updated_One@gmail.com"}]},{"value":[{"address":"test_20140926_172801_Updated@gmail.com"}]},{"value":[{"address":"test_20140926_172801@gmail.com"}]}]}]]>
    </line>
    <line>
      <![CDATA[Total Count: 1]]>
    </line>
    <line>
      <![CDATA[Total in ArrayList: 1]]>
    </line>
    <line>
      <![CDATA[Latest value for Firstname of this member is = {value=_R-i/c,k-y=}]]>
    </line>
    <line>
      <![CDATA[Passed : Firstname field created for Member = test_20140926_172801_Updated in MongoDB with value Firstname = _R-i/c,k-y=]]>
    </line>
    <line>
      <![CDATA[-- X --]]>
    </line>
    <line>
      <![CDATA[]]>
    </line>
    <line>
      <![CDATA[2) Updating Firstname for member test_20140926_172801_Updated with value = test_20140926_172801_First using member.put API and 'firstname' field]]>
    </line>
    <line>
      <![CDATA[~~~~~~~~~~~~~~~~~~~~~~~~~~~~~~~~~~~~~~~~~~~~~~~~~~~~~~~~~~~~~~~~~ MEMBER.PUT ~~~~~~~~~~~~~~~~~~~~~~~~~~~~~~~~~~~~~~~~~~~~~~~~~~~~~~~~~~~~~~~~~]]>
    </line>
    <line>
      <![CDATA[Validating API call Response]]>
    </line>
    <line>
      <![CDATA[]]>
    </line>
    <line>
      <![CDATA[API - postRestRequest :: Data will be submitted as <POST>

: {"_id":"0d075a9de10848e4974f63f970d72338","firstname":"test_20140926_172801_First"}]]>
    </line>
    <line>
      <![CDATA[ ]]>
    </line>
    <line>
      <![CDATA[API Request URL:  https://qa.idxapi.nbcuni.com/member/put?API_KEY=65432165432165432165432165432165&BRAND_ID=5876e8579c2f422e99b56d8d0567d346]]>
    </line>
    <line>
      <![CDATA[ ]]>
    </line>
    <line>
      <![CDATA[API - postRestRequest :: Response from Server after <POST>

{"_updated":"2014-09-26T21:29:30.587000","username":"test_20140926_172801_Updated","firstname":"test_20140926_172801_First","gender":"m","status":"active","_created":"2014-09-26T21:28:06.419000","_id":"0d075a9de10848e4974f63f970d72338","email":[{"verified":true,"primary":true,"address":"test_20140926_172801_Updated_Three@gmail.com"},{"verified":false,"primary":false,"address":"test_20140926_172801_Updated_Two@gmail.com"}]}]]>
    </line>
    <line>
      <![CDATA[~~~~~~~~~~~~~~~~~~~~~~~~~~~~~~~~~~~~~~~~~~~~~~~~~~~~~~~~~~~~~~~~~ MongoDB ~~~~~~~~~~~~~~~~~~~~~~~~~~~~~~~~~~~~~~~~~~~~~~~~~~~~~~~~~~~~~~~~~~~]]>
    </line>
    <line>
      <![CDATA[Validating Firstname of Member in MongoDB]]>
    </line>
    <line>
      <![CDATA[]]>
    </line>
    <line>
      <![CDATA[MongoDB Query :  { "_id" : "0d075a9de10848e4974f63f970d72338"}]]>
    </line>
    <line>
      <![CDATA[Got the MongoDB Response : { "_id" : "0d075a9de10848e4974f63f970d72338" , "metadata" : { "status" : [ { "value" : "active"} , { "value" : "banned"} , { "value" : "deleted"} , { "value" : "pending"} , { "value" : "active"}] , "username" : [ { "value" : "test_20140926_172801_Updated"} , { "value" : "test_20140926_172801"}] , "firstname" : [ { "value" : "test_20140926_172801_First"} , { "value" : "_R-i/c,k-y="}] , "gender" : [ { "value" : "m"} , { "value" : "d"} , { "value" : "f"}] , "password" : [ { "value" : "$p5k2$2710$mE7E3I92$Hy1djFBgrVzAuDRuEmAzj3VUWVZrEbry"} , { "value" : "$p5k2$2710$lepmYYql$Tczyl3fBjjHsFe0v3A8vFzMjI1Ge+rj7"}] , "email" : [ { "value" : [ { "address" : "test_20140926_172801_Updated_Three@gmail.com"} , { "address" : "test_20140926_172801_Updated_Two@gmail.com"}]} , { "value" : [ { "address" : "test_20140926_172801_Updated_One@gmail.com"}]} , { "value" : [ { "address" : "test_20140926_172801_Updated@gmail.com"}]} , { "value" : [ { "address" : "test_20140926_172801@gmail.com"}]}]}}]]>
    </line>
    <line>
      <![CDATA[ ]]>
    </line>
    <line>
      <![CDATA[JSON Object: {"status":[{"value":"active"},{"value":"banned"},{"value":"deleted"},{"value":"pending"},{"value":"active"}],"username":[{"value":"test_20140926_172801_Updated"},{"value":"test_20140926_172801"}],"firstname":[{"value":"test_20140926_172801_First"},{"value":"_R-i/c,k-y="}],"gender":[{"value":"m"},{"value":"d"},{"value":"f"}],"password":[{"value":"$p5k2$2710$mE7E3I92$Hy1djFBgrVzAuDRuEmAzj3VUWVZrEbry"},{"value":"$p5k2$2710$lepmYYql$Tczyl3fBjjHsFe0v3A8vFzMjI1Ge+rj7"}],"email":[{"value":[{"address":"test_20140926_172801_Updated_Three@gmail.com"},{"address":"test_20140926_172801_Updated_Two@gmail.com"}]},{"value":[{"address":"test_20140926_172801_Updated_One@gmail.com"}]},{"value":[{"address":"test_20140926_172801_Updated@gmail.com"}]},{"value":[{"address":"test_20140926_172801@gmail.com"}]}]}]]>
    </line>
    <line>
      <![CDATA[Total Count: 2]]>
    </line>
    <line>
      <![CDATA[Total in ArrayList: 2]]>
    </line>
    <line>
      <![CDATA[Latest value for Firstname of this member is = {value=test_20140926_172801_First}]]>
    </line>
    <line>
      <![CDATA[Passed : Firstname field updated for Member = test_20140926_172801_Updated in MongoDB with value Firstname = test_20140926_172801_First]]>
    </line>
    <line>
      <![CDATA[-- X --]]>
    </line>
    <line>
      <![CDATA[]]>
    </line>
    <line>
      <![CDATA[3) Updating Firstname for member test_20140926_172801_Updated to 'invalid value' using member.put API and 'firstname' field]]>
    </line>
    <line>
      <![CDATA[~~~~~~~~~~~~~~~~~~~~~~~~~~~~~~~~~~~~~~~~~~~~~~~~~~~~~~~~~~~~~~~~~ MEMBER.PUT ~~~~~~~~~~~~~~~~~~~~~~~~~~~~~~~~~~~~~~~~~~~~~~~~~~~~~~~~~~~~~~~~~]]>
    </line>
    <line>
      <![CDATA[Validating API call Response]]>
    </line>
    <line>
      <![CDATA[]]>
    </line>
    <line>
      <![CDATA[JSON Body for POST = {'_id':'0d075a9de10848e4974f63f970d72338','firstname':#@47&}]]>
    </line>
    <line>
      <![CDATA[API - postRestRequest :: Data will be submitted as <POST>

: {"_id":"0d075a9de10848e4974f63f970d72338","firstname":#@47&}]]>
    </line>
    <line>
      <![CDATA[ ]]>
    </line>
    <line>
      <![CDATA[API Request URL:  https://qa.idxapi.nbcuni.com/member/put?API_KEY=65432165432165432165432165432165&BRAND_ID=5876e8579c2f422e99b56d8d0567d346]]>
    </line>
    <line>
      <![CDATA[ ]]>
    </line>
    <line>
      <![CDATA[HTTP RESPONSE: 400]]>
    </line>
    <line>
      <![CDATA[RESPONSE BODY:  {"request-id":"dabac220d60f4ec58e62201c97437e14","error":"POST body must be a valid JSON document."}]]>
    </line>
    <line>
      <![CDATA[Passed : member.put is not accepting invalid value for 'firstname' field]]>
    </line>
    <line>
      <![CDATA[-- X --]]>
    </line>
    <line>
      <![CDATA[RallyTestResult :: Creating Test Results in Rally for Test Case (com.nbcuni.test.nbcidx.member.put.inputFields.TC5017_MemberPut_Firstname@88cf9e)]]>
    </line>
    <line>
      <![CDATA[RallyTestResult :: Rally Test Execution for Test Case (com.nbcuni.test.nbcidx.member.put.inputFields.TC5017_MemberPut_Firstname@88cf9e) updated in Rally.]]>
    </line>
    <line>
      <![CDATA[Setting Environment to: QA]]>
    </line>
    <line>
      <![CDATA[1) Creating Middlename field for member test_20140926_172801_Updated with value = #any-name$ using member.put API and 'middlename' field]]>
    </line>
    <line>
      <![CDATA[~~~~~~~~~~~~~~~~~~~~~~~~~~~~~~~~~~~~~~~~~~~~~~~~~~~~~~~~~~~~~~~~~ MEMBER.PUT ~~~~~~~~~~~~~~~~~~~~~~~~~~~~~~~~~~~~~~~~~~~~~~~~~~~~~~~~~~~~~~~~~]]>
    </line>
    <line>
      <![CDATA[Validating API call Response]]>
    </line>
    <line>
      <![CDATA[]]>
    </line>
    <line>
      <![CDATA[API - postRestRequest :: Data will be submitted as <POST>

: {"_id":"0d075a9de10848e4974f63f970d72338","middlename":"#any-name$"}]]>
    </line>
    <line>
      <![CDATA[ ]]>
    </line>
    <line>
      <![CDATA[API Request URL:  https://qa.idxapi.nbcuni.com/member/put?API_KEY=65432165432165432165432165432165&BRAND_ID=5876e8579c2f422e99b56d8d0567d346]]>
    </line>
    <line>
      <![CDATA[ ]]>
    </line>
    <line>
      <![CDATA[API - postRestRequest :: Response from Server after <POST>

{"_updated":"2014-09-26T21:29:38.084000","username":"test_20140926_172801_Updated","firstname":"test_20140926_172801_First","middlename":"#any-name$","gender":"m","status":"active","_created":"2014-09-26T21:28:06.419000","_id":"0d075a9de10848e4974f63f970d72338","email":[{"verified":true,"primary":true,"address":"test_20140926_172801_Updated_Three@gmail.com"},{"verified":false,"primary":false,"address":"test_20140926_172801_Updated_Two@gmail.com"}]}]]>
    </line>
    <line>
      <![CDATA[~~~~~~~~~~~~~~~~~~~~~~~~~~~~~~~~~~~~~~~~~~~~~~~~~~~~~~~~~~~~~~~~~ MongoDB ~~~~~~~~~~~~~~~~~~~~~~~~~~~~~~~~~~~~~~~~~~~~~~~~~~~~~~~~~~~~~~~~~~~]]>
    </line>
    <line>
      <![CDATA[Validating Middlename of Member in MongoDB]]>
    </line>
    <line>
      <![CDATA[]]>
    </line>
    <line>
      <![CDATA[MongoDB Query :  { "_id" : "0d075a9de10848e4974f63f970d72338"}]]>
    </line>
    <line>
      <![CDATA[Got the MongoDB Response : { "_id" : "0d075a9de10848e4974f63f970d72338" , "metadata" : { "status" : [ { "value" : "active"} , { "value" : "banned"} , { "value" : "deleted"} , { "value" : "pending"} , { "value" : "active"}] , "username" : [ { "value" : "test_20140926_172801_Updated"} , { "value" : "test_20140926_172801"}] , "firstname" : [ { "value" : "test_20140926_172801_First"} , { "value" : "_R-i/c,k-y="}] , "middlename" : [ { "value" : "#any-name$"}] , "gender" : [ { "value" : "m"} , { "value" : "d"} , { "value" : "f"}] , "password" : [ { "value" : "$p5k2$2710$mE7E3I92$Hy1djFBgrVzAuDRuEmAzj3VUWVZrEbry"} , { "value" : "$p5k2$2710$lepmYYql$Tczyl3fBjjHsFe0v3A8vFzMjI1Ge+rj7"}] , "email" : [ { "value" : [ { "address" : "test_20140926_172801_Updated_Three@gmail.com"} , { "address" : "test_20140926_172801_Updated_Two@gmail.com"}]} , { "value" : [ { "address" : "test_20140926_172801_Updated_One@gmail.com"}]} , { "value" : [ { "address" : "test_20140926_172801_Updated@gmail.com"}]} , { "value" : [ { "address" : "test_20140926_172801@gmail.com"}]}]}}]]>
    </line>
    <line>
      <![CDATA[ ]]>
    </line>
    <line>
      <![CDATA[JSON Object: {"status":[{"value":"active"},{"value":"banned"},{"value":"deleted"},{"value":"pending"},{"value":"active"}],"username":[{"value":"test_20140926_172801_Updated"},{"value":"test_20140926_172801"}],"firstname":[{"value":"test_20140926_172801_First"},{"value":"_R-i/c,k-y="}],"middlename":[{"value":"#any-name$"}],"gender":[{"value":"m"},{"value":"d"},{"value":"f"}],"password":[{"value":"$p5k2$2710$mE7E3I92$Hy1djFBgrVzAuDRuEmAzj3VUWVZrEbry"},{"value":"$p5k2$2710$lepmYYql$Tczyl3fBjjHsFe0v3A8vFzMjI1Ge+rj7"}],"email":[{"value":[{"address":"test_20140926_172801_Updated_Three@gmail.com"},{"address":"test_20140926_172801_Updated_Two@gmail.com"}]},{"value":[{"address":"test_20140926_172801_Updated_One@gmail.com"}]},{"value":[{"address":"test_20140926_172801_Updated@gmail.com"}]},{"value":[{"address":"test_20140926_172801@gmail.com"}]}]}]]>
    </line>
    <line>
      <![CDATA[Total Count: 1]]>
    </line>
    <line>
      <![CDATA[Total in ArrayList: 1]]>
    </line>
    <line>
      <![CDATA[Latest value for Middlename of this member is = {value=#any-name$}]]>
    </line>
    <line>
      <![CDATA[Passed : Middlename field created for Member = test_20140926_172801_Updated in MongoDB with value Middlename = #any-name$]]>
    </line>
    <line>
      <![CDATA[-- X --]]>
    </line>
    <line>
      <![CDATA[]]>
    </line>
    <line>
      <![CDATA[2) Updating Middlename for member test_20140926_172801_Updated with value = test_20140926_172801_Middle using member.put API and 'middlename' field]]>
    </line>
    <line>
      <![CDATA[~~~~~~~~~~~~~~~~~~~~~~~~~~~~~~~~~~~~~~~~~~~~~~~~~~~~~~~~~~~~~~~~~ MEMBER.PUT ~~~~~~~~~~~~~~~~~~~~~~~~~~~~~~~~~~~~~~~~~~~~~~~~~~~~~~~~~~~~~~~~~]]>
    </line>
    <line>
      <![CDATA[Validating API call Response]]>
    </line>
    <line>
      <![CDATA[]]>
    </line>
    <line>
      <![CDATA[API - postRestRequest :: Data will be submitted as <POST>

: {"_id":"0d075a9de10848e4974f63f970d72338","middlename":"test_20140926_172801_Middle"}]]>
    </line>
    <line>
      <![CDATA[ ]]>
    </line>
    <line>
      <![CDATA[API Request URL:  https://qa.idxapi.nbcuni.com/member/put?API_KEY=65432165432165432165432165432165&BRAND_ID=5876e8579c2f422e99b56d8d0567d346]]>
    </line>
    <line>
      <![CDATA[ ]]>
    </line>
    <line>
      <![CDATA[API - postRestRequest :: Response from Server after <POST>

{"_updated":"2014-09-26T21:29:41.263000","username":"test_20140926_172801_Updated","firstname":"test_20140926_172801_First","middlename":"test_20140926_172801_Middle","gender":"m","status":"active","_created":"2014-09-26T21:28:06.419000","_id":"0d075a9de10848e4974f63f970d72338","email":[{"verified":true,"primary":true,"address":"test_20140926_172801_Updated_Three@gmail.com"},{"verified":false,"primary":false,"address":"test_20140926_172801_Updated_Two@gmail.com"}]}]]>
    </line>
    <line>
      <![CDATA[~~~~~~~~~~~~~~~~~~~~~~~~~~~~~~~~~~~~~~~~~~~~~~~~~~~~~~~~~~~~~~~~~ MongoDB ~~~~~~~~~~~~~~~~~~~~~~~~~~~~~~~~~~~~~~~~~~~~~~~~~~~~~~~~~~~~~~~~~~~]]>
    </line>
    <line>
      <![CDATA[Validating Middlename of Member in MongoDB]]>
    </line>
    <line>
      <![CDATA[]]>
    </line>
    <line>
      <![CDATA[MongoDB Query :  { "_id" : "0d075a9de10848e4974f63f970d72338"}]]>
    </line>
    <line>
      <![CDATA[Got the MongoDB Response : { "_id" : "0d075a9de10848e4974f63f970d72338" , "metadata" : { "status" : [ { "value" : "active"} , { "value" : "banned"} , { "value" : "deleted"} , { "value" : "pending"} , { "value" : "active"}] , "username" : [ { "value" : "test_20140926_172801_Updated"} , { "value" : "test_20140926_172801"}] , "firstname" : [ { "value" : "test_20140926_172801_First"} , { "value" : "_R-i/c,k-y="}] , "middlename" : [ { "value" : "test_20140926_172801_Middle"} , { "value" : "#any-name$"}] , "gender" : [ { "value" : "m"} , { "value" : "d"} , { "value" : "f"}] , "password" : [ { "value" : "$p5k2$2710$mE7E3I92$Hy1djFBgrVzAuDRuEmAzj3VUWVZrEbry"} , { "value" : "$p5k2$2710$lepmYYql$Tczyl3fBjjHsFe0v3A8vFzMjI1Ge+rj7"}] , "email" : [ { "value" : [ { "address" : "test_20140926_172801_Updated_Three@gmail.com"} , { "address" : "test_20140926_172801_Updated_Two@gmail.com"}]} , { "value" : [ { "address" : "test_20140926_172801_Updated_One@gmail.com"}]} , { "value" : [ { "address" : "test_20140926_172801_Updated@gmail.com"}]} , { "value" : [ { "address" : "test_20140926_172801@gmail.com"}]}]}}]]>
    </line>
    <line>
      <![CDATA[ ]]>
    </line>
    <line>
      <![CDATA[JSON Object: {"status":[{"value":"active"},{"value":"banned"},{"value":"deleted"},{"value":"pending"},{"value":"active"}],"username":[{"value":"test_20140926_172801_Updated"},{"value":"test_20140926_172801"}],"firstname":[{"value":"test_20140926_172801_First"},{"value":"_R-i/c,k-y="}],"middlename":[{"value":"test_20140926_172801_Middle"},{"value":"#any-name$"}],"gender":[{"value":"m"},{"value":"d"},{"value":"f"}],"password":[{"value":"$p5k2$2710$mE7E3I92$Hy1djFBgrVzAuDRuEmAzj3VUWVZrEbry"},{"value":"$p5k2$2710$lepmYYql$Tczyl3fBjjHsFe0v3A8vFzMjI1Ge+rj7"}],"email":[{"value":[{"address":"test_20140926_172801_Updated_Three@gmail.com"},{"address":"test_20140926_172801_Updated_Two@gmail.com"}]},{"value":[{"address":"test_20140926_172801_Updated_One@gmail.com"}]},{"value":[{"address":"test_20140926_172801_Updated@gmail.com"}]},{"value":[{"address":"test_20140926_172801@gmail.com"}]}]}]]>
    </line>
    <line>
      <![CDATA[Total Count: 2]]>
    </line>
    <line>
      <![CDATA[Total in ArrayList: 2]]>
    </line>
    <line>
      <![CDATA[Latest value for Middlename of this member is = {value=test_20140926_172801_Middle}]]>
    </line>
    <line>
      <![CDATA[Passed : Middlename field updated for Member = test_20140926_172801_Updated in MongoDB with value Middlename = test_20140926_172801_Middle]]>
    </line>
    <line>
      <![CDATA[-- X --]]>
    </line>
    <line>
      <![CDATA[]]>
    </line>
    <line>
      <![CDATA[3) Updating Middlename for member test_20140926_172801_Updated to 'invalid value' using member.put API and 'middlename' field]]>
    </line>
    <line>
      <![CDATA[~~~~~~~~~~~~~~~~~~~~~~~~~~~~~~~~~~~~~~~~~~~~~~~~~~~~~~~~~~~~~~~~~ MEMBER.PUT ~~~~~~~~~~~~~~~~~~~~~~~~~~~~~~~~~~~~~~~~~~~~~~~~~~~~~~~~~~~~~~~~~]]>
    </line>
    <line>
      <![CDATA[Validating API call Response]]>
    </line>
    <line>
      <![CDATA[]]>
    </line>
    <line>
      <![CDATA[JSON Body for POST = {'_id':'0d075a9de10848e4974f63f970d72338','middlename':~-34(}]]>
    </line>
    <line>
      <![CDATA[API - postRestRequest :: Data will be submitted as <POST>

: {"_id":"0d075a9de10848e4974f63f970d72338","middlename":~-34(}]]>
    </line>
    <line>
      <![CDATA[ ]]>
    </line>
    <line>
      <![CDATA[API Request URL:  https://qa.idxapi.nbcuni.com/member/put?API_KEY=65432165432165432165432165432165&BRAND_ID=5876e8579c2f422e99b56d8d0567d346]]>
    </line>
    <line>
      <![CDATA[ ]]>
    </line>
    <line>
      <![CDATA[HTTP RESPONSE: 400]]>
    </line>
    <line>
      <![CDATA[RESPONSE BODY:  {"request-id":"12ea1e43f107450cbef6a51eeefc2fcf","error":"POST body must be a valid JSON document."}]]>
    </line>
    <line>
      <![CDATA[Passed : member.put is not accepting invalid value for 'middlename' field]]>
    </line>
    <line>
      <![CDATA[RallyTestResult :: Creating Test Results in Rally for Test Case (com.nbcuni.test.nbcidx.member.put.inputFields.TC5018_MemberPut_Middlename@1b6dd83)]]>
    </line>
    <line>
      <![CDATA[RallyTestResult :: Rally Test Execution for Test Case (com.nbcuni.test.nbcidx.member.put.inputFields.TC5018_MemberPut_Middlename@1b6dd83) updated in Rally.]]>
    </line>
    <line>
      <![CDATA[Setting Environment to: QA]]>
    </line>
    <line>
      <![CDATA[1) Creating Lastname field for member test_20140926_172801_Updated with value = (_E-ns/te`in} using member.put API and 'lastname' field]]>
    </line>
    <line>
      <![CDATA[~~~~~~~~~~~~~~~~~~~~~~~~~~~~~~~~~~~~~~~~~~~~~~~~~~~~~~~~~~~~~~~~~ MEMBER.PUT ~~~~~~~~~~~~~~~~~~~~~~~~~~~~~~~~~~~~~~~~~~~~~~~~~~~~~~~~~~~~~~~~~]]>
    </line>
    <line>
      <![CDATA[Validating API call Response]]>
    </line>
    <line>
      <![CDATA[]]>
    </line>
    <line>
      <![CDATA[API - postRestRequest :: Data will be submitted as <POST>

: {"_id":"0d075a9de10848e4974f63f970d72338","lastname":"(_E-ns/te`in}"}]]>
    </line>
    <line>
      <![CDATA[ ]]>
    </line>
    <line>
      <![CDATA[API Request URL:  https://qa.idxapi.nbcuni.com/member/put?API_KEY=65432165432165432165432165432165&BRAND_ID=5876e8579c2f422e99b56d8d0567d346]]>
    </line>
    <line>
      <![CDATA[ ]]>
    </line>
    <line>
      <![CDATA[API - postRestRequest :: Response from Server after <POST>

{"_updated":"2014-09-26T21:29:50.914000","username":"test_20140926_172801_Updated","firstname":"test_20140926_172801_First","middlename":"test_20140926_172801_Middle","gender":"m","status":"active","lastname":"(_E-ns/te`in}","_created":"2014-09-26T21:28:06.419000","_id":"0d075a9de10848e4974f63f970d72338","email":[{"verified":true,"primary":true,"address":"test_20140926_172801_Updated_Three@gmail.com"},{"verified":false,"primary":false,"address":"test_20140926_172801_Updated_Two@gmail.com"}]}]]>
    </line>
    <line>
      <![CDATA[~~~~~~~~~~~~~~~~~~~~~~~~~~~~~~~~~~~~~~~~~~~~~~~~~~~~~~~~~~~~~~~~~ MongoDB ~~~~~~~~~~~~~~~~~~~~~~~~~~~~~~~~~~~~~~~~~~~~~~~~~~~~~~~~~~~~~~~~~~~]]>
    </line>
    <line>
      <![CDATA[Validating Lastname of Member in MongoDB]]>
    </line>
    <line>
      <![CDATA[]]>
    </line>
    <line>
[...]
            </line>
            <line>
              <![CDATA[ ]]>
            </line>
            <line>
              <![CDATA[HTTP RESPONSE: 400]]>
            </line>
            <line>
              <![CDATA[RESPONSE BODY:  {"request-id":"94bb005bf16d40caa4bb20ca582ec4e3","error":"email element 0 has an invalid email address"}]]>
            </line>
            <line>
              <![CDATA[Passed : member.put is not accepting invalid format for 'email' field]]>
            </line>
            <line>
              <![CDATA[-- X --]]>
            </line>
            <line>
              <![CDATA[]]>
            </line>
            <line>
              <![CDATA[6) Updating Email-Id for member test_20140926_172801_Updated to 'invalid format of Email-Id without @ ' using member.put API and 'email' field]]>
            </line>
            <line>
              <![CDATA[]]>
            </line>
            <line>
              <![CDATA[~~~~~~~~~~~~~~~~~~~~~~~~~~~~~~~~~~~~~~~~~~~~~~~~~~~~~~~~~~~~~~~~~ MEMBER.PUT ~~~~~~~~~~~~~~~~~~~~~~~~~~~~~~~~~~~~~~~~~~~~~~~~~~~~~~~~~~~~~~~~~]]>
            </line>
            <line>
              <![CDATA[Validating API call Response]]>
            </line>
            <line>
              <![CDATA[]]>
            </line>
            <line>
              <![CDATA[JSON Body for POST = {'_id':'0d075a9de10848e4974f63f970d72338','email':'xyzgmail.com'}]]>
            </line>
            <line>
              <![CDATA[API - postRestRequest :: Data will be submitted as <POST>

: {"_id":"0d075a9de10848e4974f63f970d72338","email":"xyzgmail.com"}]]>
            </line>
            <line>
              <![CDATA[ ]]>
            </line>
            <line>
              <![CDATA[API Request URL:  https://qa.idxapi.nbcuni.com/member/put?API_KEY=65432165432165432165432165432165&BRAND_ID=5876e8579c2f422e99b56d8d0567d346]]>
            </line>
            <line>
              <![CDATA[ ]]>
            </line>
            <line>
              <![CDATA[HTTP RESPONSE: 400]]>
            </line>
            <line>
              <![CDATA[RESPONSE BODY:  {"request-id":"3e293f4993824c7898e7173ba4109942","error":"email element 0 has an invalid email address"}]]>
            </line>
            <line>
              <![CDATA[Passed : member.put is not accepting invalid format for 'email' field]]>
            </line>
            <line>
              <![CDATA[-- X --]]>
            </line>
            <line>
              <![CDATA[-- X --]]>
            </line>
            <line>
              <![CDATA[]]>
            </line>
            <line>
              <![CDATA[RallyTestResult :: Creating Test Results in Rally for Test Case (com.nbcuni.test.nbcidx.member.put.inputFields.TC5015_MemberPut_Email@a866a9)]]>
            </line>
            <line>
              <![CDATA[RallyTestResult :: Rally Test Execution for Test Case (com.nbcuni.test.nbcidx.member.put.inputFields.TC5015_MemberPut_Email@a866a9) updated in Rally.]]>
            </line>
          </reporter-output>
        </test-method> <!-- memberPut_email -->
        <test-method status="PASS" signature="stopEnvironment()[pri:0, instance:com.nbcuni.test.nbcidx.member.put.inputFields.TC5015_MemberPut_Email@a866a9]" name="stopEnvironment" is-config="true" duration-ms="1" started-at="2014-09-26T17:29:14Z" finished-at="2014-09-26T17:29:14Z">
          <reporter-output>
          </reporter-output>
        </test-method> <!-- stopEnvironment -->
      </class> <!-- com.nbcuni.test.nbcidx.member.put.inputFields.TC5015_MemberPut_Email -->
      <class name="com.nbcuni.test.nbcidx.member.put.inputFields.TC5011_MemberPut_Password">
        <test-method status="PASS" signature="startEnvironment(java.lang.String)[pri:0, instance:com.nbcuni.test.nbcidx.member.put.inputFields.TC5011_MemberPut_Password@19ffd6f]" name="startEnvironment" is-config="true" duration-ms="550" started-at="2014-09-26T17:28:16Z" finished-at="2014-09-26T17:28:17Z">
          <params>
            <param index="0">
              <value>
                <![CDATA[QA]]>
              </value>
            </param>
          </params>
          <reporter-output>
            <line>
              <![CDATA[Setting Environment to: QA]]>
            </line>
          </reporter-output>
        </test-method> <!-- startEnvironment -->
        <test-method status="PASS" signature="memberPut_password()[pri:0, instance:com.nbcuni.test.nbcidx.member.put.inputFields.TC5011_MemberPut_Password@19ffd6f]" name="memberPut_password" duration-ms="6429" started-at="2014-09-26T17:28:17Z" finished-at="2014-09-26T17:28:23Z">
          <reporter-output>
            <line>
              <![CDATA[1) Creating new password for member using member.put API and 'password' field]]>
            </line>
            <line>
              <![CDATA[~~~~~~~~~~~~~~~~~~~~~~~~~~~~~~~~~~~~~~~~~~~~~~~~~~~~~~~~~~~~~~~~~ MEMBER.PUT ~~~~~~~~~~~~~~~~~~~~~~~~~~~~~~~~~~~~~~~~~~~~~~~~~~~~~~~~~~~~~~~~~]]>
            </line>
            <line>
              <![CDATA[Validating API call Response]]>
            </line>
            <line>
              <![CDATA[]]>
            </line>
            <line>
              <![CDATA[API - postRestRequest :: Data will be submitted as <POST>

: {"_id":"0d075a9de10848e4974f63f970d72338","password":"20140926_172801"}]]>
            </line>
            <line>
              <![CDATA[ ]]>
            </line>
            <line>
              <![CDATA[API Request URL:  https://qa.idxapi.nbcuni.com/member/put?API_KEY=65432165432165432165432165432165&BRAND_ID=5876e8579c2f422e99b56d8d0567d346]]>
            </line>
            <line>
              <![CDATA[ ]]>
            </line>
            <line>
              <![CDATA[API - postRestRequest :: Response from Server after <POST>

{"_updated":"2014-09-26T21:28:18.810000","_created":"2014-09-26T21:28:06.419000","username":"test_20140926_172801_Updated","_id":"0d075a9de10848e4974f63f970d72338","status":"active"}]]>
            </line>
            <line>
              <![CDATA[~~~~~~~~~~~~~~~~~~~~~~~~~~~~~~~~~~~~~~~~~~~~~~~~~~~~~~~~~~~~~~~~~ MongoDB ~~~~~~~~~~~~~~~~~~~~~~~~~~~~~~~~~~~~~~~~~~~~~~~~~~~~~~~~~~~~~~~~~~~]]>
            </line>
            <line>
              <![CDATA[Validating member in MongoDB]]>
            </line>
            <line>
              <![CDATA[]]>
            </line>
            <line>
              <![CDATA[MongoDB Query :  { "metadata.username.value" : "test_20140926_172801_Updated"}]]>
            </line>
            <line>
              <![CDATA[Got the MongoDB Response : { "_id" : "0d075a9de10848e4974f63f970d72338" , "metadata" : { "username" : [ { "value" : "test_20140926_172801_Updated"} , { "value" : "test_20140926_172801"}] , "password" : [ { "value" : "$p5k2$2710$lepmYYql$Tczyl3fBjjHsFe0v3A8vFzMjI1Ge+rj7"}]}}]]>
            </line>
            <line>
              <![CDATA[ ]]>
            </line>
            <line>
              <![CDATA[-- X --]]>
            </line>
            <line>
              <![CDATA[ ]]>
            </line>
            <line>
              <![CDATA[2) Updating 'password' field of member using member.put API]]>
            </line>
            <line>
              <![CDATA[~~~~~~~~~~~~~~~~~~~~~~~~~~~~~~~~~~~~~~~~~~~~~~~~~~~~~~~~~~~~~~~~~ MEMBER.PUT ~~~~~~~~~~~~~~~~~~~~~~~~~~~~~~~~~~~~~~~~~~~~~~~~~~~~~~~~~~~~~~~~~]]>
            </line>
            <line>
              <![CDATA[Validating API call Response]]>
            </line>
            <line>
              <![CDATA[]]>
            </line>
            <line>
              <![CDATA[API - postRestRequest :: Data will be submitted as <POST>

: {"_id":"0d075a9de10848e4974f63f970d72338","password":"20140926_172801_Updated"}]]>
            </line>
            <line>
              <![CDATA[ ]]>
            </line>
            <line>
              <![CDATA[API Request URL:  https://qa.idxapi.nbcuni.com/member/put?API_KEY=65432165432165432165432165432165&BRAND_ID=5876e8579c2f422e99b56d8d0567d346]]>
            </line>
            <line>
              <![CDATA[ ]]>
            </line>
            <line>
              <![CDATA[API - postRestRequest :: Response from Server after <POST>

{"_updated":"2014-09-26T21:28:22.097000","_created":"2014-09-26T21:28:06.419000","username":"test_20140926_172801_Updated","_id":"0d075a9de10848e4974f63f970d72338","status":"active"}]]>
            </line>
            <line>
              <![CDATA[-- X --]]>
            </line>
            <line>
              <![CDATA[RallyTestResult :: Creating Test Results in Rally for Test Case (com.nbcuni.test.nbcidx.member.put.inputFields.TC5011_MemberPut_Password@19ffd6f)]]>
            </line>
            <line>
              <![CDATA[RallyTestResult :: Rally Test Execution for Test Case (com.nbcuni.test.nbcidx.member.put.inputFields.TC5011_MemberPut_Password@19ffd6f) updated in Rally.]]>
            </line>
          </reporter-output>
        </test-method> <!-- memberPut_password -->
        <test-method status="PASS" signature="stopEnvironment()[pri:0, instance:com.nbcuni.test.nbcidx.member.put.inputFields.TC5011_MemberPut_Password@19ffd6f]" name="stopEnvironment" is-config="true" duration-ms="1" started-at="2014-09-26T17:28:26Z" finished-at="2014-09-26T17:28:26Z">
          <reporter-output>
          </reporter-output>
        </test-method> <!-- stopEnvironment -->
      </class> <!-- com.nbcuni.test.nbcidx.member.put.inputFields.TC5011_MemberPut_Password -->
      <class name="com.nbcuni.test.nbcidx.member.put.inputFields.TC5025_MemberPut_Suffix">
        <test-method status="PASS" signature="startEnvironment(java.lang.String)[pri:0, instance:com.nbcuni.test.nbcidx.member.put.inputFields.TC5025_MemberPut_Suffix@1896444]" name="startEnvironment" is-config="true" duration-ms="839" started-at="2014-09-26T17:30:54Z" finished-at="2014-09-26T17:30:54Z">
          <params>
            <param index="0">
              <value>
                <![CDATA[QA]]>
              </value>
            </param>
          </params>
          <reporter-output>
            <line>
              <![CDATA[Setting Environment to: QA]]>
            </line>
          </reporter-output>
        </test-method> <!-- startEnvironment -->
        <test-method status="PASS" signature="memberPut_suffix()[pri:0, instance:com.nbcuni.test.nbcidx.member.put.inputFields.TC5025_MemberPut_Suffix@1896444]" name="memberPut_suffix" duration-ms="5927" started-at="2014-09-26T17:30:54Z" finished-at="2014-09-26T17:31:00Z">
          <reporter-output>
            <line>
              <![CDATA[1) Creating Suffix for member 20140926_173043 using member.put API and 'suffix' field]]>
            </line>
            <line>
              <![CDATA[~~~~~~~~~~~~~~~~~~~~~~~~~~~~~~~~~~~~~~~~~~~~~~~~~~~~~~~~~~~~~~~~~ MEMBER.PUT ~~~~~~~~~~~~~~~~~~~~~~~~~~~~~~~~~~~~~~~~~~~~~~~~~~~~~~~~~~~~~~~~~]]>
            </line>
            <line>
              <![CDATA[Validating API call Response]]>
            </line>
            <line>
              <![CDATA[]]>
            </line>
            <line>
              <![CDATA[API - postRestRequest :: Data will be submitted as <POST>

: {"_id":"69d30c65339c4b9a8f4f93d57237c4ee","suffix":"MD"}]]>
            </line>
            <line>
              <![CDATA[ ]]>
            </line>
            <line>
              <![CDATA[API Request URL:  https://qa.idxapi.nbcuni.com/member/put?API_KEY=65432165432165432165432165432165&BRAND_ID=5876e8579c2f422e99b56d8d0567d346]]>
            </line>
            <line>
              <![CDATA[ ]]>
            </line>
            <line>
              <![CDATA[API - postRestRequest :: Response from Server after <POST>

{"_updated":"2014-09-26T21:30:55.784000","username":"20140926_173043","suffix":"MD","firstname":"ABCD","middlename":"EFGH","lastname":"WXYZ","prefix":"Dr.","status":"active","_created":"2014-09-26T21:30:44.459000","_id":"69d30c65339c4b9a8f4f93d57237c4ee","email":[{"verified":false,"primary":true,"address":"20140926_173043@gmail.com"}],"screenname":"WorldChampion"}]]>
            </line>
            <line>
              <![CDATA[~~~~~~~~~~~~~~~~~~~~~~~~~~~~~~~~~~~~~~~~~~~~~~~~~~~~~~~~~~~~~~~~ MongoDB ~~~~~~~~~~~~~~~~~~~~~~~~~~~~~~~~~~~~~~~~~~~~~~~~~~~~~~~~~~~~~~~~~~~]]>
            </line>
            <line>
              <![CDATA[Validating Suffix of Member in MongoDB]]>
            </line>
            <line>
              <![CDATA[]]>
            </line>
            <line>
              <![CDATA[MongoDB Query :  { "_id" : "69d30c65339c4b9a8f4f93d57237c4ee"}]]>
            </line>
            <line>
              <![CDATA[Got the MongoDB Response : { "_id" : "69d30c65339c4b9a8f4f93d57237c4ee" , "metadata" : { "username" : [ { "value" : "20140926_173043"}] , "suffix" : [ { "value" : "MD"}] , "firstname" : [ { "value" : "ABCD"}] , "middlename" : [ { "value" : "EFGH"}] , "lastname" : [ { "value" : "WXYZ"}] , "prefix" : [ { "value" : "Dr."} , { "value" : "Sir."} , { "value" : "Mr."}] , "email" : [ { "value" : [ { "address" : "20140926_173043@gmail.com"}]}]}}]]>
            </line>
            <line>
              <![CDATA[ ]]>
            </line>
            <line>
              <![CDATA[-- X --]]>
            </line>
            <line>
              <![CDATA[]]>
            </line>
            <line>
              <![CDATA[2) Updating Suffix for member 20140926_173043 using member.put API and 'suffix' field]]>
            </line>
            <line>
              <![CDATA[~~~~~~~~~~~~~~~~~~~~~~~~~~~~~~~~~~~~~~~~~~~~~~~~~~~~~~~~~~~~~~~~~ MEMBER.PUT ~~~~~~~~~~~~~~~~~~~~~~~~~~~~~~~~~~~~~~~~~~~~~~~~~~~~~~~~~~~~~~~~~]]>
            </line>
            <line>
              <![CDATA[Validating API call Response]]>
            </line>
            <line>
              <![CDATA[]]>
            </line>
            <line>
              <![CDATA[API - postRestRequest :: Data will be submitted as <POST>

: {"_id":"69d30c65339c4b9a8f4f93d57237c4ee","suffix": "PHD."}]]>
            </line>
            <line>
              <![CDATA[ ]]>
            </line>
            <line>
              <![CDATA[API Request URL:  https://qa.idxapi.nbcuni.com/member/put?API_KEY=65432165432165432165432165432165&BRAND_ID=5876e8579c2f422e99b56d8d0567d346]]>
            </line>
            <line>
              <![CDATA[ ]]>
            </line>
            <line>
              <![CDATA[API - postRestRequest :: Response from Server after <POST>

{"_updated":"2014-09-26T21:30:57.907000","username":"20140926_173043","suffix":"PHD.","firstname":"ABCD","middlename":"EFGH","lastname":"WXYZ","prefix":"Dr.","status":"active","_created":"2014-09-26T21:30:44.459000","_id":"69d30c65339c4b9a8f4f93d57237c4ee","email":[{"verified":false,"primary":true,"address":"20140926_173043@gmail.com"}],"screenname":"WorldChampion"}]]>
            </line>
            <line>
              <![CDATA[~~~~~~~~~~~~~~~~~~~~~~~~~~~~~~~~~~~~~~~~~~~~~~~~~~~~~~~~~~~~~~~~~ MongoDB ~~~~~~~~~~~~~~~~~~~~~~~~~~~~~~~~~~~~~~~~~~~~~~~~~~~~~~~~~~~~~~~~~~~]]>
            </line>
            <line>
              <![CDATA[Validating Suffix updated in MongoDB]]>
            </line>
            <line>
              <![CDATA[]]>
            </line>
            <line>
              <![CDATA[MongoDB Query :  { "_id" : "69d30c65339c4b9a8f4f93d57237c4ee"}]]>
            </line>
            <line>
              <![CDATA[Got the MongoDB Response : { "_id" : "69d30c65339c4b9a8f4f93d57237c4ee" , "metadata" : { "username" : [ { "value" : "20140926_173043"}] , "suffix" : [ { "value" : "PHD."} , { "value" : "MD"}] , "firstname" : [ { "value" : "ABCD"}] , "middlename" : [ { "value" : "EFGH"}] , "lastname" : [ { "value" : "WXYZ"}] , "prefix" : [ { "value" : "Dr."} , { "value" : "Sir."} , { "value" : "Mr."}] , "email" : [ { "value" : [ { "address" : "20140926_173043@gmail.com"}]}]}}]]>
            </line>
            <line>
              <![CDATA[ ]]>
            </line>
            <line>
              <![CDATA[-- X --]]>
            </line>
            <line>
              <![CDATA[]]>
            </line>
            <line>
              <![CDATA[3) Updating Suffix for member 20140926_173043 using member.put API and 'suffix' field]]>
            </line>
            <line>
              <![CDATA[~~~~~~~~~~~~~~~~~~~~~~~~~~~~~~~~~~~~~~~~~~~~~~~~~~~~~~~~~~~~~~~~~ MEMBER.PUT ~~~~~~~~~~~~~~~~~~~~~~~~~~~~~~~~~~~~~~~~~~~~~~~~~~~~~~~~~~~~~~~~~]]>
            </line>
            <line>
              <![CDATA[Validating API call Response]]>
            </line>
            <line>
              <![CDATA[]]>
            </line>
            <line>
              <![CDATA[API - postRestRequest :: Data will be submitted as <POST>

: {"_id":"69d30c65339c4b9a8f4f93d57237c4ee","suffix": "LLB"}]]>
            </line>
            <line>
              <![CDATA[ ]]>
            </line>
            <line>
              <![CDATA[API Request URL:  https://qa.idxapi.nbcuni.com/member/put?API_KEY=65432165432165432165432165432165&BRAND_ID=5876e8579c2f422e99b56d8d0567d346]]>
            </line>
            <line>
              <![CDATA[ ]]>
            </line>
            <line>
              <![CDATA[API - postRestRequest :: Response from Server after <POST>

{"_updated":"2014-09-26T21:30:59.103000","username":"20140926_173043","suffix":"LLB","firstname":"ABCD","middlename":"EFGH","lastname":"WXYZ","prefix":"Dr.","status":"active","_created":"2014-09-26T21:30:44.459000","_id":"69d30c65339c4b9a8f4f93d57237c4ee","email":[{"verified":false,"primary":true,"address":"20140926_173043@gmail.com"}],"screenname":"WorldChampion"}]]>
            </line>
            <line>
              <![CDATA[~~~~~~~~~~~~~~~~~~~~~~~~~~~~~~~~~~~~~~~~~~~~~~~~~~~~~~~~~~~~~~~~~ MongoDB ~~~~~~~~~~~~~~~~~~~~~~~~~~~~~~~~~~~~~~~~~~~~~~~~~~~~~~~~~~~~~~~~~~~]]>
            </line>
            <line>
              <![CDATA[Validating Suffix updated in MongoDB]]>
            </line>
            <line>
              <![CDATA[]]>
            </line>
            <line>
              <![CDATA[MongoDB Query :  { "_id" : "69d30c65339c4b9a8f4f93d57237c4ee"}]]>
            </line>
            <line>
              <![CDATA[Got the MongoDB Response : { "_id" : "69d30c65339c4b9a8f4f93d57237c4ee" , "metadata" : { "username" : [ { "value" : "20140926_173043"}] , "suffix" : [ { "value" : "LLB"} , { "value" : "PHD."} , { "value" : "MD"}] , "firstname" : [ { "value" : "ABCD"}] , "middlename" : [ { "value" : "EFGH"}] , "lastname" : [ { "value" : "WXYZ"}] , "prefix" : [ { "value" : "Dr."} , { "value" : "Sir."} , { "value" : "Mr."}] , "email" : [ { "value" : [ { "address" : "20140926_173043@gmail.com"}]}]}}]]>
            </line>
            <line>
              <![CDATA[ ]]>
            </line>
            <line>
              <![CDATA[-- X --]]>
            </line>
            <line>
              <![CDATA[]]>
            </line>
            <line>
              <![CDATA[RallyTestResult :: Creating Test Results in Rally for Test Case (com.nbcuni.test.nbcidx.member.put.inputFields.TC5025_MemberPut_Suffix@1896444)]]>
            </line>
            <line>
              <![CDATA[RallyTestResult :: Rally Test Execution for Test Case (com.nbcuni.test.nbcidx.member.put.inputFields.TC5025_MemberPut_Suffix@1896444) updated in Rally.]]>
            </line>
          </reporter-output>
        </test-method> <!-- memberPut_suffix -->
        <test-method status="PASS" signature="stopEnvironment()[pri:0, instance:com.nbcuni.test.nbcidx.member.put.inputFields.TC5025_MemberPut_Suffix@1896444]" name="stopEnvironment" is-config="true" duration-ms="1" started-at="2014-09-26T17:31:04Z" finished-at="2014-09-26T17:31:04Z">
          <reporter-output>
          </reporter-output>
        </test-method> <!-- stopEnvironment -->
      </class> <!-- com.nbcuni.test.nbcidx.member.put.inputFields.TC5025_MemberPut_Suffix -->
    </test> <!-- Tests -->
  </suite> <!-- Test Suite for NBCIdx -->
</testng-results>
